<?xml version="1.0" encoding="UTF-8" standalone="no"?>
<!DOCTYPE log SYSTEM "logger.dtd">
<log>
<record>
  <date>2020-05-22T16:05:51</date>
  <millis>1590138351194</millis>
  <sequence>0</sequence>
  <level>START</level>
  <class>com.kms.katalon.core.logging.XmlKeywordLogger</class>
  <method>startSuite</method>
  <thread>1</thread>
  <message>Start Test Suite : Test Suites/Denna/User - Ganti Password</message>
  <nestedLevel>0</nestedLevel>
  <property name="name">User - Ganti Password</property>
  <property name="description"></property>
  <property name="id">Test Suites/Denna/User - Ganti Password</property>
</record>
<record>
  <date>2020-05-22T16:05:51</date>
  <millis>1590138351210</millis>
  <sequence>1</sequence>
  <level>RUN_DATA</level>
  <class>com.kms.katalon.core.logging.XmlKeywordLogger</class>
  <method>logMessage</method>
  <thread>1</thread>
  <message>hostName = Denna Leksanti - 192.168.152.1</message>
  <nestedLevel>0</nestedLevel>
  <property name="hostName">Denna Leksanti - 192.168.152.1</property>
</record>
<record>
  <date>2020-05-22T16:05:51</date>
  <millis>1590138351210</millis>
  <sequence>2</sequence>
  <level>RUN_DATA</level>
  <class>com.kms.katalon.core.logging.XmlKeywordLogger</class>
  <method>logMessage</method>
  <thread>1</thread>
  <message>os = Windows 10 64bit</message>
  <nestedLevel>0</nestedLevel>
  <property name="os">Windows 10 64bit</property>
</record>
<record>
  <date>2020-05-22T16:05:51</date>
  <millis>1590138351211</millis>
  <sequence>3</sequence>
  <level>RUN_DATA</level>
  <class>com.kms.katalon.core.logging.XmlKeywordLogger</class>
  <method>logMessage</method>
  <thread>1</thread>
  <message>hostAddress = 192.168.152.1</message>
  <nestedLevel>0</nestedLevel>
  <property name="hostAddress">192.168.152.1</property>
</record>
<record>
  <date>2020-05-22T16:05:51</date>
  <millis>1590138351213</millis>
  <sequence>4</sequence>
  <level>RUN_DATA</level>
  <class>com.kms.katalon.core.logging.XmlKeywordLogger</class>
  <method>logMessage</method>
  <thread>1</thread>
  <message>katalonVersion = 7.0.8.1</message>
  <nestedLevel>0</nestedLevel>
  <property name="katalonVersion">7.0.8.1</property>
</record>
<record>
  <date>2020-05-22T16:05:51</date>
  <millis>1590138351833</millis>
  <sequence>5</sequence>
  <level>START</level>
  <class>com.kms.katalon.core.logging.XmlKeywordLogger</class>
  <method>startTest</method>
  <thread>1</thread>
  <message>Start Test Case : Test Cases/Denna/User - Ganti Password</message>
  <nestedLevel>1</nestedLevel>
  <property name="name">Test Cases/Denna/User - Ganti Password</property>
  <property name="description"></property>
  <property name="id">Test Cases/Denna/User - Ganti Password</property>
  <property name="source">C:\\Users\\Hari Sapto\\git\\LearningManagementWeb\\Test Cases\\Denna\\User - Ganti Password.tc</property>
  <property name="tag"></property>
  <property name="isOptional">false</property>
</record>
<record>
  <date>2020-05-22T16:05:51</date>
  <millis>1590138351910</millis>
  <sequence>7</sequence>
  <level>INFO</level>
  <class>com.kms.katalon.core.logging.XmlKeywordLogger</class>
  <method>logMessage</method>
  <thread>1</thread>
  <message>currentPassword = Password2</message>
  <nestedLevel>1</nestedLevel>
</record>
<record>
  <date>2020-05-22T16:05:51</date>
  <millis>1590138351911</millis>
  <sequence>8</sequence>
  <level>INFO</level>
  <class>com.kms.katalon.core.logging.XmlKeywordLogger</class>
  <method>logMessage</method>
  <thread>1</thread>
  <message>newPassword = Password3</message>
  <nestedLevel>1</nestedLevel>
</record>
<record>
  <date>2020-05-22T16:05:51</date>
  <millis>1590138351912</millis>
  <sequence>9</sequence>
  <level>INFO</level>
  <class>com.kms.katalon.core.logging.XmlKeywordLogger</class>
  <method>logMessage</method>
  <thread>1</thread>
  <message>confirmPassword = Password3</message>
  <nestedLevel>1</nestedLevel>
</record>
<record>
  <date>2020-05-22T16:05:51</date>
  <millis>1590138351939</millis>
  <sequence>10</sequence>
  <level>INFO</level>
  <class>com.kms.katalon.core.logging.XmlKeywordLogger</class>
  <method>logMessage</method>
  <thread>1</thread>
  <message>(Default) otp1 = </message>
  <nestedLevel>1</nestedLevel>
</record>
<record>
  <date>2020-05-22T16:05:51</date>
  <millis>1590138351967</millis>
  <sequence>11</sequence>
  <level>INFO</level>
  <class>com.kms.katalon.core.logging.XmlKeywordLogger</class>
  <method>logMessage</method>
  <thread>1</thread>
  <message>(Default) otp2 = </message>
  <nestedLevel>1</nestedLevel>
</record>
<record>
  <date>2020-05-22T16:05:51</date>
  <millis>1590138351995</millis>
  <sequence>12</sequence>
  <level>INFO</level>
  <class>com.kms.katalon.core.logging.XmlKeywordLogger</class>
  <method>logMessage</method>
  <thread>1</thread>
  <message>(Default) otp3 = </message>
  <nestedLevel>1</nestedLevel>
</record>
<record>
  <date>2020-05-22T16:05:52</date>
  <millis>1590138352024</millis>
  <sequence>13</sequence>
  <level>INFO</level>
  <class>com.kms.katalon.core.logging.XmlKeywordLogger</class>
  <method>logMessage</method>
  <thread>1</thread>
  <message>(Default) otp4 = </message>
  <nestedLevel>1</nestedLevel>
</record>
<record>
  <date>2020-05-22T16:05:52</date>
  <millis>1590138352052</millis>
  <sequence>14</sequence>
  <level>INFO</level>
  <class>com.kms.katalon.core.logging.XmlKeywordLogger</class>
  <method>logMessage</method>
  <thread>1</thread>
  <message>(Default) otp5 = </message>
  <nestedLevel>1</nestedLevel>
</record>
<record>
  <date>2020-05-22T16:05:52</date>
  <millis>1590138352077</millis>
  <sequence>15</sequence>
  <level>INFO</level>
  <class>com.kms.katalon.core.logging.XmlKeywordLogger</class>
  <method>logMessage</method>
  <thread>1</thread>
  <message>(Default) otp6 = </message>
  <nestedLevel>1</nestedLevel>
</record>
<record>
  <date>2020-05-22T16:05:52</date>
  <millis>1590138352077</millis>
  <sequence>16</sequence>
  <level>INFO</level>
  <class>com.kms.katalon.core.logging.XmlKeywordLogger</class>
  <method>logMessage</method>
  <thread>1</thread>
  <message>kondisi = fail</message>
  <nestedLevel>1</nestedLevel>
</record>
<record>
  <date>2020-05-22T16:05:52</date>
  <millis>1590138352080</millis>
  <sequence>17</sequence>
  <level>INFO</level>
  <class>com.kms.katalon.core.logging.XmlKeywordLogger</class>
  <method>logMessage</method>
  <thread>1</thread>
  <message>keterangan = cancel</message>
  <nestedLevel>1</nestedLevel>
</record>
<record>
  <date>2020-05-22T16:05:52</date>
  <millis>1590138352853</millis>
  <sequence>18</sequence>
  <level>START</level>
  <class>com.kms.katalon.core.logging.XmlKeywordLogger</class>
  <method>startKeyword</method>
  <thread>1</thread>
  <message>Start action : callTestCase(findTestCase(\&amp;quot;Denna/Login(User)\&amp;quot;), [:], STOP_ON_FAILURE)</message>
  <nestedLevel>1</nestedLevel>
  <property name="startLine">19</property>
  <property name="stepIndex">1</property>
</record>
<record>
  <date>2020-05-22T16:05:53</date>
  <millis>1590138353078</millis>
  <sequence>21</sequence>
  <level>START</level>
  <class>com.kms.katalon.core.logging.XmlKeywordLogger</class>
  <method>startTest</method>
  <thread>1</thread>
  <message>Start Test Case : Test Cases/Denna/Login(User)</message>
  <nestedLevel>2</nestedLevel>
  <property name="name">Test Cases/Denna/Login(User)</property>
  <property name="description"></property>
  <property name="id">Test Cases/Denna/Login(User)</property>
  <property name="source">C:\\Users\\Hari Sapto\\git\\LearningManagementWeb\\Test Cases\\Denna\\Login(User).tc</property>
  <property name="tag"></property>
  <property name="isOptional">false</property>
</record>
<record>
  <date>2020-05-22T16:05:53</date>
  <millis>1590138353332</millis>
  <sequence>23</sequence>
  <level>START</level>
  <class>com.kms.katalon.core.logging.XmlKeywordLogger</class>
  <method>startKeyword</method>
  <thread>1</thread>
  <message>Start action : openBrowser(\&amp;quot;\&amp;quot;)</message>
  <nestedLevel>1</nestedLevel>
  <property name="startLine">18</property>
  <property name="stepIndex">1</property>
</record>
<record>
  <date>2020-05-22T16:05:54</date>
  <millis>1590138354135</millis>
  <sequence>25</sequence>
  <level>INFO</level>
  <class>com.kms.katalon.core.logging.XmlKeywordLogger</class>
  <method>logMessage</method>
  <thread>1</thread>
  <message>Starting &amp;apos;Chrome&amp;apos; driver</message>
  <nestedLevel>2</nestedLevel>
</record>
<record>
  <date>2020-05-22T16:05:54</date>
  <millis>1590138354263</millis>
  <sequence>27</sequence>
  <level>INFO</level>
  <class>com.kms.katalon.core.logging.XmlKeywordLogger</class>
  <method>logMessage</method>
  <thread>1</thread>
  <message>Action delay is set to 0 seconds</message>
  <nestedLevel>2</nestedLevel>
</record>
<record>
  <date>2020-05-22T16:06:27</date>
  <millis>1590138387472</millis>
  <sequence>29</sequence>
  <level>RUN_DATA</level>
  <class>com.kms.katalon.core.logging.XmlKeywordLogger</class>
  <method>logMessage</method>
  <thread>1</thread>
  <message>sessionId = 4ac0a3acc101d4429e1afbb3b6a896da</message>
  <nestedLevel>2</nestedLevel>
  <property name="sessionId">4ac0a3acc101d4429e1afbb3b6a896da</property>
</record>
<record>
  <date>2020-05-22T16:06:27</date>
  <millis>1590138387544</millis>
  <sequence>30</sequence>
  <level>RUN_DATA</level>
  <class>com.kms.katalon.core.logging.XmlKeywordLogger</class>
  <method>logMessage</method>
  <thread>1</thread>
  <message>browser = Chrome 81.0.4044.138</message>
  <nestedLevel>2</nestedLevel>
  <property name="browser">Chrome 81.0.4044.138</property>
</record>
<record>
  <date>2020-05-22T16:06:27</date>
  <millis>1590138387545</millis>
  <sequence>31</sequence>
  <level>RUN_DATA</level>
  <class>com.kms.katalon.core.logging.XmlKeywordLogger</class>
  <method>logMessage</method>
  <thread>1</thread>
  <message>platform = Windows 10</message>
  <nestedLevel>2</nestedLevel>
  <property name="platform">Windows 10</property>
</record>
<record>
  <date>2020-05-22T16:06:27</date>
  <millis>1590138387545</millis>
  <sequence>32</sequence>
  <level>RUN_DATA</level>
  <class>com.kms.katalon.core.logging.XmlKeywordLogger</class>
  <method>logMessage</method>
  <thread>1</thread>
  <message>seleniumVersion = 3.141.59</message>
  <nestedLevel>2</nestedLevel>
  <property name="seleniumVersion">3.141.59</property>
</record>
<record>
  <date>2020-05-22T16:06:27</date>
  <millis>1590138387546</millis>
  <sequence>33</sequence>
  <level>RUN_DATA</level>
  <class>com.kms.katalon.core.logging.XmlKeywordLogger</class>
  <method>logMessage</method>
  <thread>1</thread>
  <message>proxyInformation = ProxyInformation{proxyOption=NO_PROXY, proxyServerType=HTTP, password=, proxyServerAddress=, proxyServerPort=0}</message>
  <nestedLevel>2</nestedLevel>
  <property name="proxyInformation">ProxyInformation{proxyOption=NO_PROXY, proxyServerType=HTTP, password=, proxyServerAddress=, proxyServerPort=0}</property>
</record>
<record>
  <date>2020-05-22T16:06:27</date>
  <millis>1590138387571</millis>
  <sequence>34</sequence>
  <level>PASSED</level>
  <class>com.kms.katalon.core.logging.XmlKeywordLogger</class>
  <method>logMessage</method>
  <thread>1</thread>
  <message>Browser is opened with url: &amp;apos;&amp;apos;</message>
  <nestedLevel>2</nestedLevel>
</record>
<record>
  <date>2020-05-22T16:06:27</date>
  <millis>1590138387572</millis>
  <sequence>35</sequence>
  <level>END</level>
  <class>com.kms.katalon.core.logging.XmlKeywordLogger</class>
  <method>endKeyword</method>
  <thread>1</thread>
  <message>End action : openBrowser(\&amp;quot;\&amp;quot;)</message>
  <nestedLevel>1</nestedLevel>
</record>
<record>
  <date>2020-05-22T16:06:27</date>
  <millis>1590138387573</millis>
  <sequence>36</sequence>
  <level>START</level>
  <class>com.kms.katalon.core.logging.XmlKeywordLogger</class>
  <method>startKeyword</method>
  <thread>1</thread>
  <message>Start action : navigateToUrl(\&amp;quot;https://appsrv1.deltadatamandiri.com/ACC_LMS_WEB/#/Main\&amp;quot;)</message>
  <nestedLevel>1</nestedLevel>
  <property name="startLine">20</property>
  <property name="stepIndex">2</property>
</record>
<record>
  <date>2020-05-22T16:06:45</date>
  <millis>1590138405578</millis>
  <sequence>39</sequence>
  <level>PASSED</level>
  <class>com.kms.katalon.core.logging.XmlKeywordLogger</class>
  <method>logMessage</method>
  <thread>1</thread>
  <message>Navigate to &amp;apos;https://appsrv1.deltadatamandiri.com/ACC_LMS_WEB/#/Main&amp;apos; successfully</message>
  <nestedLevel>2</nestedLevel>
</record>
<record>
  <date>2020-05-22T16:06:45</date>
  <millis>1590138405579</millis>
  <sequence>40</sequence>
  <level>END</level>
  <class>com.kms.katalon.core.logging.XmlKeywordLogger</class>
  <method>endKeyword</method>
  <thread>1</thread>
  <message>End action : navigateToUrl(\&amp;quot;https://appsrv1.deltadatamandiri.com/ACC_LMS_WEB/#/Main\&amp;quot;)</message>
  <nestedLevel>1</nestedLevel>
</record>
<record>
  <date>2020-05-22T16:06:45</date>
  <millis>1590138405580</millis>
  <sequence>41</sequence>
  <level>START</level>
  <class>com.kms.katalon.core.logging.XmlKeywordLogger</class>
  <method>startKeyword</method>
  <thread>1</thread>
  <message>Start action : maximizeWindow()</message>
  <nestedLevel>1</nestedLevel>
  <property name="startLine">22</property>
  <property name="stepIndex">3</property>
</record>
<record>
  <date>2020-05-22T16:06:48</date>
  <millis>1590138408277</millis>
  <sequence>43</sequence>
  <level>PASSED</level>
  <class>com.kms.katalon.core.logging.XmlKeywordLogger</class>
  <method>logMessage</method>
  <thread>1</thread>
  <message>Current window maximized</message>
  <nestedLevel>2</nestedLevel>
</record>
<record>
  <date>2020-05-22T16:06:48</date>
  <millis>1590138408286</millis>
  <sequence>44</sequence>
  <level>END</level>
  <class>com.kms.katalon.core.logging.XmlKeywordLogger</class>
  <method>endKeyword</method>
  <thread>1</thread>
  <message>End action : maximizeWindow()</message>
  <nestedLevel>1</nestedLevel>
</record>
<record>
  <date>2020-05-22T16:06:48</date>
  <millis>1590138408288</millis>
  <sequence>45</sequence>
  <level>START</level>
  <class>com.kms.katalon.core.logging.XmlKeywordLogger</class>
  <method>startKeyword</method>
  <thread>1</thread>
  <message>Start action : click(findTestObject(\&amp;quot;Denna/User-Login/button login\&amp;quot;))</message>
  <nestedLevel>1</nestedLevel>
  <property name="startLine">24</property>
  <property name="stepIndex">4</property>
</record>
