<?xml version="1.0" encoding="UTF-8" standalone="no"?>
<!DOCTYPE log SYSTEM "logger.dtd">
<log>
<record>
  <date>2020-05-22T23:10:37</date>
  <millis>1590163837944</millis>
  <sequence>0</sequence>
  <level>START</level>
  <class>com.kms.katalon.core.logging.XmlKeywordLogger</class>
  <method>startSuite</method>
  <thread>1</thread>
  <message>Start Test Suite : Test Suites/Christi/Manage Slider</message>
  <nestedLevel>0</nestedLevel>
  <property name="name">Manage Slider</property>
  <property name="description"></property>
  <property name="id">Test Suites/Christi/Manage Slider</property>
</record>
<record>
  <date>2020-05-22T23:10:37</date>
  <millis>1590163837977</millis>
  <sequence>1</sequence>
  <level>RUN_DATA</level>
  <class>com.kms.katalon.core.logging.XmlKeywordLogger</class>
  <method>logMessage</method>
  <thread>1</thread>
  <message>hostName = ASUS - LAPTOP-D0TPACJ1</message>
  <nestedLevel>0</nestedLevel>
  <property name="hostName">ASUS - LAPTOP-D0TPACJ1</property>
</record>
<record>
  <date>2020-05-22T23:10:37</date>
  <millis>1590163837979</millis>
  <sequence>2</sequence>
  <level>RUN_DATA</level>
  <class>com.kms.katalon.core.logging.XmlKeywordLogger</class>
  <method>logMessage</method>
  <thread>1</thread>
  <message>os = Windows 10 64bit</message>
  <nestedLevel>0</nestedLevel>
  <property name="os">Windows 10 64bit</property>
</record>
<record>
  <date>2020-05-22T23:10:37</date>
  <millis>1590163837980</millis>
  <sequence>3</sequence>
  <level>RUN_DATA</level>
  <class>com.kms.katalon.core.logging.XmlKeywordLogger</class>
  <method>logMessage</method>
  <thread>1</thread>
  <message>hostAddress = 192.168.100.227</message>
  <nestedLevel>0</nestedLevel>
  <property name="hostAddress">192.168.100.227</property>
</record>
<record>
  <date>2020-05-22T23:10:37</date>
  <millis>1590163837985</millis>
  <sequence>4</sequence>
  <level>RUN_DATA</level>
  <class>com.kms.katalon.core.logging.XmlKeywordLogger</class>
  <method>logMessage</method>
  <thread>1</thread>
  <message>katalonVersion = 7.0.10.1</message>
  <nestedLevel>0</nestedLevel>
  <property name="katalonVersion">7.0.10.1</property>
</record>
<record>
  <date>2020-05-22T23:10:38</date>
  <millis>1590163838854</millis>
  <sequence>5</sequence>
  <level>START</level>
  <class>com.kms.katalon.core.logging.XmlKeywordLogger</class>
  <method>startTest</method>
  <thread>1</thread>
  <message>Start Test Case : Test Cases/Christi/Admin/Manage Slider - Delete</message>
  <nestedLevel>1</nestedLevel>
  <property name="name">Test Cases/Christi/Admin/Manage Slider - Delete</property>
  <property name="description"></property>
  <property name="id">Test Cases/Christi/Admin/Manage Slider - Delete</property>
  <property name="source">C:\\Users\\ASUS\\git\\LearningManagementWeb\\Test Cases\\Christi\\Admin\\Manage Slider - Delete.tc</property>
  <property name="tag"></property>
  <property name="isOptional">false</property>
</record>
<record>
  <date>2020-05-22T23:10:38</date>
  <millis>1590163838931</millis>
  <sequence>7</sequence>
  <level>INFO</level>
  <class>com.kms.katalon.core.logging.XmlKeywordLogger</class>
  <method>logMessage</method>
  <thread>1</thread>
  <message>nama_slider = Slider Service</message>
  <nestedLevel>1</nestedLevel>
</record>
<record>
  <date>2020-05-22T23:10:38</date>
  <millis>1590163838935</millis>
  <sequence>8</sequence>
  <level>INFO</level>
  <class>com.kms.katalon.core.logging.XmlKeywordLogger</class>
  <method>logMessage</method>
  <thread>1</thread>
  <message>expected = pass</message>
  <nestedLevel>1</nestedLevel>
</record>
<record>
  <date>2020-05-22T23:10:39</date>
  <millis>1590163839861</millis>
  <sequence>9</sequence>
  <level>START</level>
  <class>com.kms.katalon.core.logging.XmlKeywordLogger</class>
  <method>startKeyword</method>
  <thread>1</thread>
  <message>Start action : callTestCase(findTestCase(\&amp;quot;Christi/Admin/admin login\&amp;quot;), [\&amp;quot;username\&amp;quot;:\&amp;quot;11666\&amp;quot;, \&amp;quot;password\&amp;quot;:\&amp;quot;Password3\&amp;quot;], STOP_ON_FAILURE)</message>
  <nestedLevel>1</nestedLevel>
  <property name="startLine">18</property>
  <property name="stepIndex">1</property>
</record>
<record>
  <date>2020-05-22T23:10:40</date>
  <millis>1590163840167</millis>
  <sequence>12</sequence>
  <level>START</level>
  <class>com.kms.katalon.core.logging.XmlKeywordLogger</class>
  <method>startTest</method>
  <thread>1</thread>
  <message>Start Test Case : Test Cases/Christi/Admin/admin login</message>
  <nestedLevel>2</nestedLevel>
  <property name="name">Test Cases/Christi/Admin/admin login</property>
  <property name="description"></property>
  <property name="id">Test Cases/Christi/Admin/admin login</property>
  <property name="source">C:\\Users\\ASUS\\git\\LearningManagementWeb\\Test Cases\\Christi\\Admin\\admin login.tc</property>
  <property name="tag"></property>
  <property name="isOptional">false</property>
</record>
<record>
  <date>2020-05-22T23:10:40</date>
  <millis>1590163840207</millis>
  <sequence>14</sequence>
  <level>INFO</level>
  <class>com.kms.katalon.core.logging.XmlKeywordLogger</class>
  <method>logMessage</method>
  <thread>1</thread>
  <message>username = 11666</message>
  <nestedLevel>2</nestedLevel>
</record>
<record>
  <date>2020-05-22T23:10:40</date>
  <millis>1590163840210</millis>
  <sequence>15</sequence>
  <level>INFO</level>
  <class>com.kms.katalon.core.logging.XmlKeywordLogger</class>
  <method>logMessage</method>
  <thread>1</thread>
  <message>password = Password3</message>
  <nestedLevel>2</nestedLevel>
</record>
<record>
  <date>2020-05-22T23:10:40</date>
  <millis>1590163840737</millis>
  <sequence>16</sequence>
  <level>START</level>
  <class>com.kms.katalon.core.logging.XmlKeywordLogger</class>
  <method>startKeyword</method>
  <thread>1</thread>
  <message>Start action : openBrowser(\&amp;quot;\&amp;quot;)</message>
  <nestedLevel>1</nestedLevel>
  <property name="startLine">18</property>
  <property name="stepIndex">1</property>
</record>
<record>
  <date>2020-05-22T23:10:41</date>
  <millis>1590163841462</millis>
  <sequence>18</sequence>
  <level>INFO</level>
  <class>com.kms.katalon.core.logging.XmlKeywordLogger</class>
  <method>logMessage</method>
  <thread>1</thread>
  <message>Starting &amp;apos;Chrome&amp;apos; driver</message>
  <nestedLevel>2</nestedLevel>
</record>
<record>
  <date>2020-05-22T23:10:41</date>
  <millis>1590163841566</millis>
  <sequence>20</sequence>
  <level>INFO</level>
  <class>com.kms.katalon.core.logging.XmlKeywordLogger</class>
  <method>logMessage</method>
  <thread>1</thread>
  <message>Action delay is set to 0 seconds</message>
  <nestedLevel>2</nestedLevel>
</record>
<record>
  <date>2020-05-22T23:10:46</date>
  <millis>1590163846628</millis>
  <sequence>22</sequence>
  <level>RUN_DATA</level>
  <class>com.kms.katalon.core.logging.XmlKeywordLogger</class>
  <method>logMessage</method>
  <thread>1</thread>
  <message>sessionId = a7a886d1f2cb6bd9f794e3ef822fc1f5</message>
  <nestedLevel>2</nestedLevel>
  <property name="sessionId">a7a886d1f2cb6bd9f794e3ef822fc1f5</property>
</record>
<record>
  <date>2020-05-22T23:10:46</date>
  <millis>1590163846665</millis>
  <sequence>23</sequence>
  <level>RUN_DATA</level>
  <class>com.kms.katalon.core.logging.XmlKeywordLogger</class>
  <method>logMessage</method>
  <thread>1</thread>
  <message>browser = Chrome 81.0.4044.138</message>
  <nestedLevel>2</nestedLevel>
  <property name="browser">Chrome 81.0.4044.138</property>
</record>
<record>
  <date>2020-05-22T23:10:46</date>
  <millis>1590163846666</millis>
  <sequence>24</sequence>
  <level>RUN_DATA</level>
  <class>com.kms.katalon.core.logging.XmlKeywordLogger</class>
  <method>logMessage</method>
  <thread>1</thread>
  <message>platform = Windows 10</message>
  <nestedLevel>2</nestedLevel>
  <property name="platform">Windows 10</property>
</record>
<record>
  <date>2020-05-22T23:10:46</date>
  <millis>1590163846666</millis>
  <sequence>25</sequence>
  <level>RUN_DATA</level>
  <class>com.kms.katalon.core.logging.XmlKeywordLogger</class>
  <method>logMessage</method>
  <thread>1</thread>
  <message>seleniumVersion = 3.141.59</message>
  <nestedLevel>2</nestedLevel>
  <property name="seleniumVersion">3.141.59</property>
</record>
<record>
  <date>2020-05-22T23:10:46</date>
  <millis>1590163846667</millis>
  <sequence>26</sequence>
  <level>RUN_DATA</level>
  <class>com.kms.katalon.core.logging.XmlKeywordLogger</class>
  <method>logMessage</method>
  <thread>1</thread>
  <message>proxyInformation = ProxyInformation{proxyOption=NO_PROXY, proxyServerType=HTTP, password=, proxyServerAddress=, proxyServerPort=0}</message>
  <nestedLevel>2</nestedLevel>
  <property name="proxyInformation">ProxyInformation{proxyOption=NO_PROXY, proxyServerType=HTTP, password=, proxyServerAddress=, proxyServerPort=0}</property>
</record>
<record>
  <date>2020-05-22T23:10:46</date>
  <millis>1590163846696</millis>
  <sequence>27</sequence>
  <level>PASSED</level>
  <class>com.kms.katalon.core.logging.XmlKeywordLogger</class>
  <method>logMessage</method>
  <thread>1</thread>
  <message>Browser is opened with url: &amp;apos;&amp;apos;</message>
  <nestedLevel>2</nestedLevel>
</record>
<record>
  <date>2020-05-22T23:10:46</date>
  <millis>1590163846697</millis>
  <sequence>28</sequence>
  <level>END</level>
  <class>com.kms.katalon.core.logging.XmlKeywordLogger</class>
  <method>endKeyword</method>
  <thread>1</thread>
  <message>End action : openBrowser(\&amp;quot;\&amp;quot;)</message>
  <nestedLevel>1</nestedLevel>
</record>
<record>
  <date>2020-05-22T23:10:46</date>
  <millis>1590163846698</millis>
  <sequence>29</sequence>
  <level>START</level>
  <class>com.kms.katalon.core.logging.XmlKeywordLogger</class>
  <method>startKeyword</method>
  <thread>1</thread>
  <message>Start action : maximizeWindow()</message>
  <nestedLevel>1</nestedLevel>
  <property name="startLine">20</property>
  <property name="stepIndex">2</property>
</record>
<record>
  <date>2020-05-22T23:10:47</date>
  <millis>1590163847901</millis>
  <sequence>31</sequence>
  <level>PASSED</level>
  <class>com.kms.katalon.core.logging.XmlKeywordLogger</class>
  <method>logMessage</method>
  <thread>1</thread>
  <message>Current window maximized</message>
  <nestedLevel>2</nestedLevel>
</record>
<record>
  <date>2020-05-22T23:10:47</date>
  <millis>1590163847902</millis>
  <sequence>32</sequence>
  <level>END</level>
  <class>com.kms.katalon.core.logging.XmlKeywordLogger</class>
  <method>endKeyword</method>
  <thread>1</thread>
  <message>End action : maximizeWindow()</message>
  <nestedLevel>1</nestedLevel>
</record>
<record>
  <date>2020-05-22T23:10:47</date>
  <millis>1590163847902</millis>
  <sequence>33</sequence>
  <level>START</level>
  <class>com.kms.katalon.core.logging.XmlKeywordLogger</class>
  <method>startKeyword</method>
  <thread>1</thread>
  <message>Start action : navigateToUrl(\&amp;quot;https://appsrv1.deltadatamandiri.com/ACC_LMS_WEB/#/admNLmn\&amp;quot;)</message>
  <nestedLevel>1</nestedLevel>
  <property name="startLine">22</property>
  <property name="stepIndex">3</property>
</record>
<record>
  <date>2020-05-22T23:10:58</date>
  <millis>1590163858852</millis>
  <sequence>36</sequence>
  <level>PASSED</level>
  <class>com.kms.katalon.core.logging.XmlKeywordLogger</class>
  <method>logMessage</method>
  <thread>1</thread>
  <message>Navigate to &amp;apos;https://appsrv1.deltadatamandiri.com/ACC_LMS_WEB/#/admNLmn&amp;apos; successfully</message>
  <nestedLevel>2</nestedLevel>
</record>
<record>
  <date>2020-05-22T23:10:58</date>
  <millis>1590163858854</millis>
  <sequence>37</sequence>
  <level>END</level>
  <class>com.kms.katalon.core.logging.XmlKeywordLogger</class>
  <method>endKeyword</method>
  <thread>1</thread>
  <message>End action : navigateToUrl(\&amp;quot;https://appsrv1.deltadatamandiri.com/ACC_LMS_WEB/#/admNLmn\&amp;quot;)</message>
  <nestedLevel>1</nestedLevel>
</record>
<record>
  <date>2020-05-22T23:10:58</date>
  <millis>1590163858854</millis>
  <sequence>38</sequence>
  <level>START</level>
  <class>com.kms.katalon.core.logging.XmlKeywordLogger</class>
  <method>startKeyword</method>
  <thread>1</thread>
  <message>Start action : click(findTestObject(\&amp;quot;Christi/Page_Main/button_login\&amp;quot;))</message>
  <nestedLevel>1</nestedLevel>
  <property name="startLine">24</property>
  <property name="stepIndex">4</property>
</record>
<record>
  <date>2020-05-22T23:11:06</date>
  <millis>1590163866515</millis>
  <sequence>47</sequence>
  <level>ERROR</level>
  <class>com.kms.katalon.core.logging.XmlKeywordLogger</class>
  <method>logMessage</method>
  <thread>1</thread>
  <message>javascript error: Failed to execute &amp;apos;elementsFromPoint&amp;apos; on &amp;apos;Document&amp;apos;: The provided double value is non-finite.\n  (Session info: chrome=81.0.4044.138)\nBuild info: version: &amp;apos;3.141.59&amp;apos;, revision: &amp;apos;e82be7d358&amp;apos;, time: &amp;apos;2018-11-14T08:25:53&amp;apos;\nSystem info: host: &amp;apos;LAPTOP-D0TPACJ1&amp;apos;, ip: &amp;apos;192.168.100.227&amp;apos;, os.name: &amp;apos;Windows 10&amp;apos;, os.arch: &amp;apos;amd64&amp;apos;, os.version: &amp;apos;10.0&amp;apos;, java.version: &amp;apos;1.8.0_181&amp;apos;\nDriver info: com.kms.katalon.selenium.driver.CChromeDriver\nCapabilities {acceptInsecureCerts: false, browserName: chrome, browserVersion: 81.0.4044.138, chrome: {chromedriverVersion: 80.0.3987.106 (f68069574609..., userDataDir: C:\\Users\\ASUS\\AppData\\Local...}, goog:chromeOptions: {debuggerAddress: localhost:59758}, javascriptEnabled: true, networkConnectionEnabled: false, pageLoadStrategy: normal, platform: WINDOWS, platformName: WINDOWS, proxy: Proxy(), setWindowRect: true, strictFileInteractability: false, timeouts: {implicit: 0, pageLoad: 300000, script: 30000}, unhandledPromptBehavior: dismiss and notify}\nSession ID: a7a886d1f2cb6bd9f794e3ef822fc1f5</message>
  <nestedLevel>2</nestedLevel>
</record>
<record>
  <date>2020-05-22T23:11:07</date>
  <millis>1590163867028</millis>
  <sequence>48</sequence>
  <level>PASSED</level>
  <class>com.kms.katalon.core.logging.XmlKeywordLogger</class>
  <method>logMessage</method>
  <thread>1</thread>
  <message>Object: &amp;apos;Object Repository/Christi/Page_Main/button_login&amp;apos; is clicked on</message>
  <nestedLevel>2</nestedLevel>
</record>
<record>
  <date>2020-05-22T23:11:07</date>
  <millis>1590163867029</millis>
  <sequence>49</sequence>
  <level>END</level>
  <class>com.kms.katalon.core.logging.XmlKeywordLogger</class>
  <method>endKeyword</method>
  <thread>1</thread>
  <message>End action : click(findTestObject(\&amp;quot;Christi/Page_Main/button_login\&amp;quot;))</message>
  <nestedLevel>1</nestedLevel>
</record>
<record>
  <date>2020-05-22T23:11:07</date>
  <millis>1590163867030</millis>
  <sequence>50</sequence>
  <level>START</level>
  <class>com.kms.katalon.core.logging.XmlKeywordLogger</class>
  <method>startKeyword</method>
  <thread>1</thread>
  <message>Start action : delay(3)</message>
  <nestedLevel>1</nestedLevel>
  <property name="startLine">26</property>
  <property name="stepIndex">5</property>
</record>
<record>
  <date>2020-05-22T23:11:10</date>
  <millis>1590163870048</millis>
  <sequence>52</sequence>
  <level>PASSED</level>
  <class>com.kms.katalon.core.logging.XmlKeywordLogger</class>
  <method>logMessage</method>
  <thread>1</thread>
  <message>Delayed 3 second(s)</message>
  <nestedLevel>2</nestedLevel>
</record>
<record>
  <date>2020-05-22T23:11:10</date>
  <millis>1590163870050</millis>
  <sequence>53</sequence>
  <level>END</level>
  <class>com.kms.katalon.core.logging.XmlKeywordLogger</class>
  <method>endKeyword</method>
  <thread>1</thread>
  <message>End action : delay(3)</message>
  <nestedLevel>1</nestedLevel>
</record>
<record>
  <date>2020-05-22T23:11:10</date>
  <millis>1590163870050</millis>
  <sequence>54</sequence>
  <level>START</level>
  <class>com.kms.katalon.core.logging.XmlKeywordLogger</class>
  <method>startKeyword</method>
  <thread>1</thread>
  <message>Start action : setText(findTestObject(\&amp;quot;Object Repository/Christi/Page_Main/input_NPK_username\&amp;quot;), username)</message>
  <nestedLevel>1</nestedLevel>
  <property name="startLine">28</property>
  <property name="stepIndex">6</property>
</record>
<record>
  <date>2020-05-22T23:11:10</date>
  <millis>1590163870588</millis>
  <sequence>64</sequence>
  <level>PASSED</level>
  <class>com.kms.katalon.core.logging.XmlKeywordLogger</class>
  <method>logMessage</method>
  <thread>1</thread>
  <message>Text &amp;apos;11666&amp;apos; is set on object &amp;apos;Object Repository/Christi/Page_Main/input_NPK_username&amp;apos;</message>
  <nestedLevel>2</nestedLevel>
</record>
<record>
  <date>2020-05-22T23:11:10</date>
  <millis>1590163870589</millis>
  <sequence>65</sequence>
  <level>END</level>
  <class>com.kms.katalon.core.logging.XmlKeywordLogger</class>
  <method>endKeyword</method>
  <thread>1</thread>
  <message>End action : setText(findTestObject(\&amp;quot;Object Repository/Christi/Page_Main/input_NPK_username\&amp;quot;), username)</message>
  <nestedLevel>1</nestedLevel>
</record>
<record>
  <date>2020-05-22T23:11:10</date>
  <millis>1590163870589</millis>
  <sequence>66</sequence>
  <level>START</level>
  <class>com.kms.katalon.core.logging.XmlKeywordLogger</class>
  <method>startKeyword</method>
  <thread>1</thread>
  <message>Start action : setText(findTestObject(\&amp;quot;Object Repository/Christi/Page_Main/input_Password_password\&amp;quot;), password)</message>
  <nestedLevel>1</nestedLevel>
  <property name="startLine">30</property>
  <property name="stepIndex">7</property>
</record>
<record>
  <date>2020-05-22T23:11:11</date>
  <millis>1590163871127</millis>
  <sequence>76</sequence>
  <level>PASSED</level>
  <class>com.kms.katalon.core.logging.XmlKeywordLogger</class>
  <method>logMessage</method>
  <thread>1</thread>
  <message>Text &amp;apos;Password3&amp;apos; is set on object &amp;apos;Object Repository/Christi/Page_Main/input_Password_password&amp;apos;</message>
  <nestedLevel>2</nestedLevel>
</record>
<record>
  <date>2020-05-22T23:11:11</date>
  <millis>1590163871129</millis>
  <sequence>77</sequence>
  <level>END</level>
  <class>com.kms.katalon.core.logging.XmlKeywordLogger</class>
  <method>endKeyword</method>
  <thread>1</thread>
  <message>End action : setText(findTestObject(\&amp;quot;Object Repository/Christi/Page_Main/input_Password_password\&amp;quot;), password)</message>
  <nestedLevel>1</nestedLevel>
</record>
<record>
  <date>2020-05-22T23:11:11</date>
  <millis>1590163871130</millis>
  <sequence>78</sequence>
  <level>START</level>
  <class>com.kms.katalon.core.logging.XmlKeywordLogger</class>
  <method>startKeyword</method>
  <thread>1</thread>
  <message>Start action : delay(5)</message>
  <nestedLevel>1</nestedLevel>
  <property name="startLine">32</property>
  <property name="stepIndex">8</property>
</record>
<record>
  <date>2020-05-22T23:11:16</date>
  <millis>1590163876135</millis>
  <sequence>80</sequence>
  <level>PASSED</level>
  <class>com.kms.katalon.core.logging.XmlKeywordLogger</class>
  <method>logMessage</method>
  <thread>1</thread>
  <message>Delayed 5 second(s)</message>
  <nestedLevel>2</nestedLevel>
</record>
<record>
  <date>2020-05-22T23:11:16</date>
  <millis>1590163876136</millis>
  <sequence>81</sequence>
  <level>END</level>
  <class>com.kms.katalon.core.logging.XmlKeywordLogger</class>
  <method>endKeyword</method>
  <thread>1</thread>
  <message>End action : delay(5)</message>
  <nestedLevel>1</nestedLevel>
</record>
<record>
  <date>2020-05-22T23:11:16</date>
  <millis>1590163876137</millis>
  <sequence>82</sequence>
  <level>START</level>
  <class>com.kms.katalon.core.logging.XmlKeywordLogger</class>
  <method>startKeyword</method>
  <thread>1</thread>
  <message>Start action : click(findTestObject(\&amp;quot;Rizka/Admin - Login/btnLogin2\&amp;quot;))</message>
  <nestedLevel>1</nestedLevel>
  <property name="startLine">34</property>
  <property name="stepIndex">9</property>
</record>
<record>
  <date>2020-05-22T23:11:16</date>
  <millis>1590163876718</millis>
  <sequence>91</sequence>
  <level>PASSED</level>
  <class>com.kms.katalon.core.logging.XmlKeywordLogger</class>
  <method>logMessage</method>
  <thread>1</thread>
  <message>Object: &amp;apos;Object Repository/Rizka/Admin - Login/btnLogin2&amp;apos; is clicked on</message>
  <nestedLevel>2</nestedLevel>
</record>
<record>
  <date>2020-05-22T23:11:16</date>
  <millis>1590163876719</millis>
  <sequence>92</sequence>
  <level>END</level>
  <class>com.kms.katalon.core.logging.XmlKeywordLogger</class>
  <method>endKeyword</method>
  <thread>1</thread>
  <message>End action : click(findTestObject(\&amp;quot;Rizka/Admin - Login/btnLogin2\&amp;quot;))</message>
  <nestedLevel>1</nestedLevel>
</record>
<record>
  <date>2020-05-22T23:11:16</date>
  <millis>1590163876720</millis>
  <sequence>93</sequence>
  <level>START</level>
  <class>com.kms.katalon.core.logging.XmlKeywordLogger</class>
  <method>startKeyword</method>
  <thread>1</thread>
  <message>Start action : delay(5)</message>
  <nestedLevel>1</nestedLevel>
  <property name="startLine">36</property>
  <property name="stepIndex">10</property>
</record>
<record>
  <date>2020-05-22T23:11:21</date>
  <millis>1590163881727</millis>
  <sequence>95</sequence>
  <level>PASSED</level>
  <class>com.kms.katalon.core.logging.XmlKeywordLogger</class>
  <method>logMessage</method>
  <thread>1</thread>
  <message>Delayed 5 second(s)</message>
  <nestedLevel>2</nestedLevel>
</record>
<record>
  <date>2020-05-22T23:11:21</date>
  <millis>1590163881727</millis>
  <sequence>96</sequence>
  <level>END</level>
  <class>com.kms.katalon.core.logging.XmlKeywordLogger</class>
  <method>endKeyword</method>
  <thread>1</thread>
  <message>End action : delay(5)</message>
  <nestedLevel>1</nestedLevel>
</record>
<record>
  <date>2020-05-22T23:11:21</date>
  <millis>1590163881727</millis>
  <sequence>97</sequence>
  <level>PASSED</level>
  <class>com.kms.katalon.core.logging.XmlKeywordLogger</class>
  <method>logMessage</method>
  <thread>1</thread>
  <message>Test Cases/Christi/Admin/admin login</message>
  <nestedLevel>2</nestedLevel>
</record>
<record>
  <date>2020-05-22T23:11:21</date>
  <millis>1590163881728</millis>
  <sequence>98</sequence>
  <level>END</level>
  <class>com.kms.katalon.core.logging.XmlKeywordLogger</class>
  <method>endTest</method>
  <thread>1</thread>
  <message>End Test Case : Test Cases/Christi/Admin/admin login</message>
  <nestedLevel>1</nestedLevel>
</record>
<record>
  <date>2020-05-22T23:11:21</date>
  <millis>1590163881748</millis>
  <sequence>99</sequence>
  <level>PASSED</level>
  <class>com.kms.katalon.core.logging.XmlKeywordLogger</class>
  <method>logMessage</method>
  <thread>1</thread>
  <message>Call Test Case &amp;apos;Test Cases/Christi/Admin/admin login&amp;apos; successfully</message>
  <nestedLevel>1</nestedLevel>
</record>
<record>
  <date>2020-05-22T23:11:21</date>
  <millis>1590163881748</millis>
  <sequence>100</sequence>
  <level>END</level>
  <class>com.kms.katalon.core.logging.XmlKeywordLogger</class>
  <method>endKeyword</method>
  <thread>1</thread>
  <message>End action : callTestCase(findTestCase(\&amp;quot;Christi/Admin/admin login\&amp;quot;), [\&amp;quot;username\&amp;quot;:\&amp;quot;11666\&amp;quot;, \&amp;quot;password\&amp;quot;:\&amp;quot;Password3\&amp;quot;], STOP_ON_FAILURE)</message>
  <nestedLevel>1</nestedLevel>
</record>
<record>
  <date>2020-05-22T23:11:21</date>
  <millis>1590163881752</millis>
  <sequence>101</sequence>
  <level>START</level>
  <class>com.kms.katalon.core.logging.XmlKeywordLogger</class>
  <method>startKeyword</method>
  <thread>1</thread>
  <message>Start action : delay(3)</message>
  <nestedLevel>1</nestedLevel>
  <property name="startLine">20</property>
  <property name="stepIndex">2</property>
</record>
<record>
  <date>2020-05-22T23:11:24</date>
  <millis>1590163884765</millis>
  <sequence>103</sequence>
  <level>PASSED</level>
  <class>com.kms.katalon.core.logging.XmlKeywordLogger</class>
  <method>logMessage</method>
  <thread>1</thread>
  <message>Delayed 3 second(s)</message>
  <nestedLevel>1</nestedLevel>
</record>
<record>
  <date>2020-05-22T23:11:24</date>
  <millis>1590163884766</millis>
  <sequence>104</sequence>
  <level>END</level>
  <class>com.kms.katalon.core.logging.XmlKeywordLogger</class>
  <method>endKeyword</method>
  <thread>1</thread>
  <message>End action : delay(3)</message>
  <nestedLevel>1</nestedLevel>
</record>
<record>
  <date>2020-05-22T23:11:24</date>
  <millis>1590163884767</millis>
  <sequence>105</sequence>
  <level>START</level>
  <class>com.kms.katalon.core.logging.XmlKeywordLogger</class>
  <method>startKeyword</method>
  <thread>1</thread>
  <message>Start action : click(findTestObject(\&amp;quot;Object Repository/Christi/Page_Dashboard Admin/span_Manage Slider\&amp;quot;))</message>
  <nestedLevel>1</nestedLevel>
  <property name="startLine">22</property>
  <property name="stepIndex">3</property>
</record>
<record>
  <date>2020-05-22T23:11:31</date>
  <millis>1590163891362</millis>
  <sequence>114</sequence>
  <level>PASSED</level>
  <class>com.kms.katalon.core.logging.XmlKeywordLogger</class>
  <method>logMessage</method>
  <thread>1</thread>
  <message>Object: &amp;apos;Object Repository/Christi/Page_Dashboard Admin/span_Manage Slider&amp;apos; is clicked on</message>
  <nestedLevel>1</nestedLevel>
</record>
<record>
  <date>2020-05-22T23:11:31</date>
  <millis>1590163891364</millis>
  <sequence>115</sequence>
  <level>END</level>
  <class>com.kms.katalon.core.logging.XmlKeywordLogger</class>
  <method>endKeyword</method>
  <thread>1</thread>
  <message>End action : click(findTestObject(\&amp;quot;Object Repository/Christi/Page_Dashboard Admin/span_Manage Slider\&amp;quot;))</message>
  <nestedLevel>1</nestedLevel>
</record>
<record>
  <date>2020-05-22T23:11:31</date>
  <millis>1590163891364</millis>
  <sequence>116</sequence>
  <level>START</level>
  <class>com.kms.katalon.core.logging.XmlKeywordLogger</class>
  <method>startKeyword</method>
  <thread>1</thread>
  <message>Start action : delay(3)</message>
  <nestedLevel>1</nestedLevel>
  <property name="startLine">24</property>
  <property name="stepIndex">4</property>
</record>
<record>
  <date>2020-05-22T23:11:34</date>
  <millis>1590163894369</millis>
  <sequence>118</sequence>
  <level>PASSED</level>
  <class>com.kms.katalon.core.logging.XmlKeywordLogger</class>
  <method>logMessage</method>
  <thread>1</thread>
  <message>Delayed 3 second(s)</message>
  <nestedLevel>1</nestedLevel>
</record>
<record>
  <date>2020-05-22T23:11:34</date>
  <millis>1590163894370</millis>
  <sequence>119</sequence>
  <level>END</level>
  <class>com.kms.katalon.core.logging.XmlKeywordLogger</class>
  <method>endKeyword</method>
  <thread>1</thread>
  <message>End action : delay(3)</message>
  <nestedLevel>1</nestedLevel>
</record>
<record>
  <date>2020-05-22T23:11:34</date>
  <millis>1590163894371</millis>
  <sequence>120</sequence>
  <level>START</level>
  <class>com.kms.katalon.core.logging.XmlKeywordLogger</class>
  <method>startKeyword</method>
  <thread>1</thread>
  <message>Start action : if (expected == \&amp;quot;pass\&amp;quot;)</message>
  <nestedLevel>1</nestedLevel>
  <property name="startLine">26</property>
  <property name="stepIndex">5</property>
</record>
<record>
  <date>2020-05-22T23:11:34</date>
  <millis>1590163894387</millis>
  <sequence>121</sequence>
  <level>START</level>
  <class>com.kms.katalon.core.logging.XmlKeywordLogger</class>
  <method>startKeyword</method>
  <thread>1</thread>
  <message>Start action : verifyElementPresent(findTestObject(\&amp;quot;Christi/Page_Manage Sliders/label_Slider\&amp;quot;, [\&amp;quot;text\&amp;quot;:nama_slider]), 0)</message>
  <nestedLevel>2</nestedLevel>
  <property name="startLine">27</property>
  <property name="stepIndex">1</property>
</record>
<record>
  <date>2020-05-22T23:11:34</date>
  <millis>1590163894762</millis>
  <sequence>126</sequence>
  <level>WARNING</level>
  <class>com.kms.katalon.core.logging.XmlKeywordLogger</class>
  <method>logMessage</method>
  <thread>1</thread>
  <message>Timeout &amp;apos;0&amp;apos; is invalid. Using default page load timeout: &amp;apos;30&amp;apos;</message>
  <nestedLevel>1</nestedLevel>
</record>
<record>
  <date>2020-05-22T23:12:17</date>
  <millis>1590163937377</millis>
  <sequence>128</sequence>
  <level>INFO</level>
  <class>com.kms.katalon.core.logging.XmlKeywordLogger</class>
  <method>logMessage</method>
  <thread>1</thread>
  <message>Unable to find the element located by &amp;apos;By.xpath: //*[@caption.bind = &amp;apos;item.sliderName&amp;apos; and @class = &amp;apos;app-label&amp;apos; and (text() = &amp;apos;Slider Service&amp;apos; or . = &amp;apos;Slider Service&amp;apos;)]&amp;apos;. Please recheck the objects properties to make sure the desired element is located. </message>
  <nestedLevel>1</nestedLevel>
</record>
<record>
  <date>2020-05-22T23:12:17</date>
  <millis>1590163937908</millis>
  <sequence>131</sequence>
  <level>FAILED</level>
  <class>com.kms.katalon.core.logging.XmlKeywordLogger</class>
  <method>logMessage</method>
  <thread>1</thread>
  <message>com.kms.katalon.core.webui.exception.WebElementNotFoundException: Web element with id: &amp;apos;Object Repository/Christi/Page_Manage Sliders/label_Slider&amp;apos; located by &amp;apos;By.xpath: //*[@caption.bind = &amp;apos;item.sliderName&amp;apos; and @class = &amp;apos;app-label&amp;apos; and (text() = &amp;apos;Slider Service&amp;apos; or . = &amp;apos;Slider Service&amp;apos;)]&amp;apos; not found (Root cause: com.kms.katalon.core.exception.StepFailedException: com.kms.katalon.core.webui.exception.WebElementNotFoundException: Web element with id: &amp;apos;Object Repository/Christi/Page_Manage Sliders/label_Slider&amp;apos; located by &amp;apos;By.xpath: //*[@caption.bind = &amp;apos;item.sliderName&amp;apos; and @class = &amp;apos;app-label&amp;apos; and (text() = &amp;apos;Slider Service&amp;apos; or . = &amp;apos;Slider Service&amp;apos;)]&amp;apos; not found\r\n\tat com.kms.katalon.core.webui.keyword.internal.WebUIKeywordMain.stepFailed(WebUIKeywordMain.groovy:64)\r\n\tat com.kms.katalon.core.webui.keyword.builtin.VerifyElementPresentKeyword$_verifyElementPresent_closure1.doCall(VerifyElementPresentKeyword.groovy:85)\r\n\tat com.kms.katalon.core.webui.keyword.builtin.VerifyElementPresentKeyword$_verifyElementPresent_closure1.call(VerifyElementPresentKeyword.groovy)\r\n\tat com.kms.katalon.core.webui.keyword.internal.WebUIKeywordMain.runKeyword(WebUIKeywordMain.groovy:20)\r\n\tat com.kms.katalon.core.webui.keyword.builtin.VerifyElementPresentKeyword.verifyElementPresent(VerifyElementPresentKeyword.groovy:92)\r\n\tat com.kms.katalon.core.webui.keyword.builtin.VerifyElementPresentKeyword.execute(VerifyElementPresentKeyword.groovy:68)\r\n\tat com.kms.katalon.core.keyword.internal.KeywordExecutor.executeKeywordForPlatform(KeywordExecutor.groovy:60)\r\n\tat com.kms.katalon.core.webui.keyword.WebUiBuiltInKeywords.verifyElementPresent(WebUiBuiltInKeywords.groovy:1434)\r\n\tat com.kms.katalon.core.webui.keyword.WebUiBuiltInKeywords$verifyElementPresent$4.call(Unknown Source)\r\n\tat Manage Slider - Delete.run(Manage Slider - Delete:27)\r\n\tat com.kms.katalon.core.main.ScriptEngine.run(ScriptEngine.java:194)\r\n\tat com.kms.katalon.core.main.ScriptEngine.runScriptAsRawText(ScriptEngine.java:119)\r\n\tat com.kms.katalon.core.main.TestCaseExecutor.runScript(TestCaseExecutor.java:337)\r\n\tat com.kms.katalon.core.main.TestCaseExecutor.doExecute(TestCaseExecutor.java:328)\r\n\tat com.kms.katalon.core.main.TestCaseExecutor.processExecutionPhase(TestCaseExecutor.java:307)\r\n\tat com.kms.katalon.core.main.TestCaseExecutor.accessMainPhase(TestCaseExecutor.java:299)\r\n\tat com.kms.katalon.core.main.TestCaseExecutor.execute(TestCaseExecutor.java:233)\r\n\tat com.kms.katalon.core.main.TestSuiteExecutor.accessTestCaseMainPhase(TestSuiteExecutor.java:169)\r\n\tat com.kms.katalon.core.main.TestSuiteExecutor.accessTestSuiteMainPhase(TestSuiteExecutor.java:142)\r\n\tat com.kms.katalon.core.main.TestSuiteExecutor.execute(TestSuiteExecutor.java:91)\r\n\tat com.kms.katalon.core.main.TestCaseMain.startTestSuite(TestCaseMain.java:157)\r\n\tat com.kms.katalon.core.main.TestCaseMain$startTestSuite$0.call(Unknown Source)\r\n\tat TempTestSuite1590163832980.run(TempTestSuite1590163832980.groovy:36)\r\n)</message>
  <nestedLevel>1</nestedLevel>
  <property name="failed.exception.class">com.kms.katalon.core.exception.StepFailedException</property>
  <property name="attachment">1590163937382.png</property>
  <property name="failed.exception.stacktrace">com.kms.katalon.core.exception.StepFailedException: com.kms.katalon.core.webui.exception.WebElementNotFoundException: Web element with id: &apos;Object Repository/Christi/Page_Manage Sliders/label_Slider&apos; located by &apos;By.xpath: //*[@caption.bind = &apos;item.sliderName&apos; and @class = &apos;app-label&apos; and (text() = &apos;Slider Service&apos; or . = &apos;Slider Service&apos;)]&apos; not found\r\n\tat com.kms.katalon.core.webui.keyword.internal.WebUIKeywordMain.stepFailed(WebUIKeywordMain.groovy:64)\r\n\tat com.kms.katalon.core.webui.keyword.builtin.VerifyElementPresentKeyword$_verifyElementPresent_closure1.doCall(VerifyElementPresentKeyword.groovy:85)\r\n\tat com.kms.katalon.core.webui.keyword.builtin.VerifyElementPresentKeyword$_verifyElementPresent_closure1.call(VerifyElementPresentKeyword.groovy)\r\n\tat com.kms.katalon.core.webui.keyword.internal.WebUIKeywordMain.runKeyword(WebUIKeywordMain.groovy:20)\r\n\tat com.kms.katalon.core.webui.keyword.builtin.VerifyElementPresentKeyword.verifyElementPresent(VerifyElementPresentKeyword.groovy:92)\r\n\tat com.kms.katalon.core.webui.keyword.builtin.VerifyElementPresentKeyword.execute(VerifyElementPresentKeyword.groovy:68)\r\n\tat com.kms.katalon.core.keyword.internal.KeywordExecutor.executeKeywordForPlatform(KeywordExecutor.groovy:60)\r\n\tat com.kms.katalon.core.webui.keyword.WebUiBuiltInKeywords.verifyElementPresent(WebUiBuiltInKeywords.groovy:1434)\r\n\tat com.kms.katalon.core.webui.keyword.WebUiBuiltInKeywords$verifyElementPresent$4.call(Unknown Source)\r\n\tat Manage Slider - Delete.run(Manage Slider - Delete:27)\r\n\tat com.kms.katalon.core.main.ScriptEngine.run(ScriptEngine.java:194)\r\n\tat com.kms.katalon.core.main.ScriptEngine.runScriptAsRawText(ScriptEngine.java:119)\r\n\tat com.kms.katalon.core.main.TestCaseExecutor.runScript(TestCaseExecutor.java:337)\r\n\tat com.kms.katalon.core.main.TestCaseExecutor.doExecute(TestCaseExecutor.java:328)\r\n\tat com.kms.katalon.core.main.TestCaseExecutor.processExecutionPhase(TestCaseExecutor.java:307)\r\n\tat com.kms.katalon.core.main.TestCaseExecutor.accessMainPhase(TestCaseExecutor.java:299)\r\n\tat com.kms.katalon.core.main.TestCaseExecutor.execute(TestCaseExecutor.java:233)\r\n\tat com.kms.katalon.core.main.TestSuiteExecutor.accessTestCaseMainPhase(TestSuiteExecutor.java:169)\r\n\tat com.kms.katalon.core.main.TestSuiteExecutor.accessTestSuiteMainPhase(TestSuiteExecutor.java:142)\r\n\tat com.kms.katalon.core.main.TestSuiteExecutor.execute(TestSuiteExecutor.java:91)\r\n\tat com.kms.katalon.core.main.TestCaseMain.startTestSuite(TestCaseMain.java:157)\r\n\tat com.kms.katalon.core.main.TestCaseMain$startTestSuite$0.call(Unknown Source)\r\n\tat TempTestSuite1590163832980.run(TempTestSuite1590163832980.groovy:36)\r\n</property>
  <property name="failed.exception.message">com.kms.katalon.core.webui.exception.WebElementNotFoundException: Web element with id: &apos;Object Repository/Christi/Page_Manage Sliders/label_Slider&apos; located by &apos;By.xpath: //*[@caption.bind = &apos;item.sliderName&apos; and @class = &apos;app-label&apos; and (text() = &apos;Slider Service&apos; or . = &apos;Slider Service&apos;)]&apos; not found</property>
</record>
<record>
  <date>2020-05-22T23:12:18</date>
  <millis>1590163938388</millis>
  <sequence>135</sequence>
  <level>FAILED</level>
  <class>com.kms.katalon.core.logging.XmlKeywordLogger</class>
  <method>logMessage</method>
  <thread>1</thread>
  <message>Unable to verify object &amp;apos;Object Repository/Christi/Page_Manage Sliders/label_Slider&amp;apos; is present (Root cause: com.kms.katalon.core.exception.StepFailedException: Unable to verify object &amp;apos;Object Repository/Christi/Page_Manage Sliders/label_Slider&amp;apos; is present\r\n\tat com.kms.katalon.core.webui.keyword.internal.WebUIKeywordMain.stepFailed(WebUIKeywordMain.groovy:64)\r\n\tat com.kms.katalon.core.webui.keyword.internal.WebUIKeywordMain.runKeyword(WebUIKeywordMain.groovy:26)\r\n\tat com.kms.katalon.core.webui.keyword.builtin.VerifyElementPresentKeyword.verifyElementPresent(VerifyElementPresentKeyword.groovy:92)\r\n\tat com.kms.katalon.core.webui.keyword.builtin.VerifyElementPresentKeyword.execute(VerifyElementPresentKeyword.groovy:68)\r\n\tat com.kms.katalon.core.keyword.internal.KeywordExecutor.executeKeywordForPlatform(KeywordExecutor.groovy:60)\r\n\tat com.kms.katalon.core.webui.keyword.WebUiBuiltInKeywords.verifyElementPresent(WebUiBuiltInKeywords.groovy:1434)\r\n\tat com.kms.katalon.core.webui.keyword.WebUiBuiltInKeywords$verifyElementPresent$4.call(Unknown Source)\r\n\tat Manage Slider - Delete.run(Manage Slider - Delete:27)\r\n\tat com.kms.katalon.core.main.ScriptEngine.run(ScriptEngine.java:194)\r\n\tat com.kms.katalon.core.main.ScriptEngine.runScriptAsRawText(ScriptEngine.java:119)\r\n\tat com.kms.katalon.core.main.TestCaseExecutor.runScript(TestCaseExecutor.java:337)\r\n\tat com.kms.katalon.core.main.TestCaseExecutor.doExecute(TestCaseExecutor.java:328)\r\n\tat com.kms.katalon.core.main.TestCaseExecutor.processExecutionPhase(TestCaseExecutor.java:307)\r\n\tat com.kms.katalon.core.main.TestCaseExecutor.accessMainPhase(TestCaseExecutor.java:299)\r\n\tat com.kms.katalon.core.main.TestCaseExecutor.execute(TestCaseExecutor.java:233)\r\n\tat com.kms.katalon.core.main.TestSuiteExecutor.accessTestCaseMainPhase(TestSuiteExecutor.java:169)\r\n\tat com.kms.katalon.core.main.TestSuiteExecutor.accessTestSuiteMainPhase(TestSuiteExecutor.java:142)\r\n\tat com.kms.katalon.core.main.TestSuiteExecutor.execute(TestSuiteExecutor.java:91)\r\n\tat com.kms.katalon.core.main.TestCaseMain.startTestSuite(TestCaseMain.java:157)\r\n\tat com.kms.katalon.core.main.TestCaseMain$startTestSuite$0.call(Unknown Source)\r\n\tat TempTestSuite1590163832980.run(TempTestSuite1590163832980.groovy:36)\r\nCaused by: com.kms.katalon.core.exception.StepFailedException: com.kms.katalon.core.webui.exception.WebElementNotFoundException: Web element with id: &amp;apos;Object Repository/Christi/Page_Manage Sliders/label_Slider&amp;apos; located by &amp;apos;By.xpath: //*[@caption.bind = &amp;apos;item.sliderName&amp;apos; and @class = &amp;apos;app-label&amp;apos; and (text() = &amp;apos;Slider Service&amp;apos; or . = &amp;apos;Slider Service&amp;apos;)]&amp;apos; not found\r\n\tat com.kms.katalon.core.webui.keyword.internal.WebUIKeywordMain.stepFailed(WebUIKeywordMain.groovy:64)\r\n\tat com.kms.katalon.core.webui.keyword.builtin.VerifyElementPresentKeyword$_verifyElementPresent_closure1.doCall(VerifyElementPresentKeyword.groovy:85)\r\n\tat com.kms.katalon.core.webui.keyword.builtin.VerifyElementPresentKeyword$_verifyElementPresent_closure1.call(VerifyElementPresentKeyword.groovy)\r\n\tat com.kms.katalon.core.webui.keyword.internal.WebUIKeywordMain.runKeyword(WebUIKeywordMain.groovy:20)\r\n\t... 19 more\r\n)</message>
  <nestedLevel>1</nestedLevel>
  <property name="failed.exception.class">com.kms.katalon.core.exception.StepFailedException</property>
  <property name="attachment">1590163937912.png</property>
  <property name="failed.exception.stacktrace">com.kms.katalon.core.exception.StepFailedException: com.kms.katalon.core.webui.exception.WebElementNotFoundException: Web element with id: &apos;Object Repository/Christi/Page_Manage Sliders/label_Slider&apos; located by &apos;By.xpath: //*[@caption.bind = &apos;item.sliderName&apos; and @class = &apos;app-label&apos; and (text() = &apos;Slider Service&apos; or . = &apos;Slider Service&apos;)]&apos; not found\r\n\tat com.kms.katalon.core.webui.keyword.internal.WebUIKeywordMain.stepFailed(WebUIKeywordMain.groovy:64)\r\n\tat com.kms.katalon.core.webui.keyword.builtin.VerifyElementPresentKeyword$_verifyElementPresent_closure1.doCall(VerifyElementPresentKeyword.groovy:85)\r\n\tat com.kms.katalon.core.webui.keyword.builtin.VerifyElementPresentKeyword$_verifyElementPresent_closure1.call(VerifyElementPresentKeyword.groovy)\r\n\tat com.kms.katalon.core.webui.keyword.internal.WebUIKeywordMain.runKeyword(WebUIKeywordMain.groovy:20)\r\n\tat com.kms.katalon.core.webui.keyword.builtin.VerifyElementPresentKeyword.verifyElementPresent(VerifyElementPresentKeyword.groovy:92)\r\n\tat com.kms.katalon.core.webui.keyword.builtin.VerifyElementPresentKeyword.execute(VerifyElementPresentKeyword.groovy:68)\r\n\tat com.kms.katalon.core.keyword.internal.KeywordExecutor.executeKeywordForPlatform(KeywordExecutor.groovy:60)\r\n\tat com.kms.katalon.core.webui.keyword.WebUiBuiltInKeywords.verifyElementPresent(WebUiBuiltInKeywords.groovy:1434)\r\n\tat com.kms.katalon.core.webui.keyword.WebUiBuiltInKeywords$verifyElementPresent$4.call(Unknown Source)\r\n\tat Manage Slider - Delete.run(Manage Slider - Delete:27)\r\n\tat com.kms.katalon.core.main.ScriptEngine.run(ScriptEngine.java:194)\r\n\tat com.kms.katalon.core.main.ScriptEngine.runScriptAsRawText(ScriptEngine.java:119)\r\n\tat com.kms.katalon.core.main.TestCaseExecutor.runScript(TestCaseExecutor.java:337)\r\n\tat com.kms.katalon.core.main.TestCaseExecutor.doExecute(TestCaseExecutor.java:328)\r\n\tat com.kms.katalon.core.main.TestCaseExecutor.processExecutionPhase(TestCaseExecutor.java:307)\r\n\tat com.kms.katalon.core.main.TestCaseExecutor.accessMainPhase(TestCaseExecutor.java:299)\r\n\tat com.kms.katalon.core.main.TestCaseExecutor.execute(TestCaseExecutor.java:233)\r\n\tat com.kms.katalon.core.main.TestSuiteExecutor.accessTestCaseMainPhase(TestSuiteExecutor.java:169)\r\n\tat com.kms.katalon.core.main.TestSuiteExecutor.accessTestSuiteMainPhase(TestSuiteExecutor.java:142)\r\n\tat com.kms.katalon.core.main.TestSuiteExecutor.execute(TestSuiteExecutor.java:91)\r\n\tat com.kms.katalon.core.main.TestCaseMain.startTestSuite(TestCaseMain.java:157)\r\n\tat com.kms.katalon.core.main.TestCaseMain$startTestSuite$0.call(Unknown Source)\r\n\tat TempTestSuite1590163832980.run(TempTestSuite1590163832980.groovy:36)\r\n</property>
  <property name="failed.exception.message">com.kms.katalon.core.webui.exception.WebElementNotFoundException: Web element with id: &apos;Object Repository/Christi/Page_Manage Sliders/label_Slider&apos; located by &apos;By.xpath: //*[@caption.bind = &apos;item.sliderName&apos; and @class = &apos;app-label&apos; and (text() = &apos;Slider Service&apos; or . = &apos;Slider Service&apos;)]&apos; not found</property>
</record>
<record>
  <date>2020-05-22T23:12:18</date>
  <millis>1590163938391</millis>
  <sequence>136</sequence>
  <level>END</level>
  <class>com.kms.katalon.core.logging.XmlKeywordLogger</class>
  <method>endKeyword</method>
  <thread>1</thread>
  <message>End action : verifyElementPresent(findTestObject(\&amp;quot;Christi/Page_Manage Sliders/label_Slider\&amp;quot;, [\&amp;quot;text\&amp;quot;:nama_slider]), 0)</message>
  <nestedLevel>2</nestedLevel>
</record>
<record>
  <date>2020-05-22T23:12:18</date>
  <millis>1590163938392</millis>
  <sequence>137</sequence>
  <level>END</level>
  <class>com.kms.katalon.core.logging.XmlKeywordLogger</class>
  <method>endKeyword</method>
  <thread>1</thread>
  <message>End action : if (expected == \&amp;quot;pass\&amp;quot;)</message>
  <nestedLevel>1</nestedLevel>
</record>
<record>
  <date>2020-05-22T23:12:18</date>
  <millis>1590163938393</millis>
  <sequence>140</sequence>
  <level>FAILED</level>
  <class>com.kms.katalon.core.logging.XmlKeywordLogger</class>
  <method>logMessage</method>
  <thread>1</thread>
  <message>Test Cases/Christi/Admin/Manage Slider - Delete FAILED.\nReason:\ncom.kms.katalon.core.exception.StepFailedException: Unable to verify object &amp;apos;Object Repository/Christi/Page_Manage Sliders/label_Slider&amp;apos; is present\r\n\tat com.kms.katalon.core.webui.keyword.internal.WebUIKeywordMain.stepFailed(WebUIKeywordMain.groovy:64)\r\n\tat com.kms.katalon.core.webui.keyword.internal.WebUIKeywordMain.runKeyword(WebUIKeywordMain.groovy:26)\r\n\tat com.kms.katalon.core.webui.keyword.builtin.VerifyElementPresentKeyword.verifyElementPresent(VerifyElementPresentKeyword.groovy:92)\r\n\tat com.kms.katalon.core.webui.keyword.builtin.VerifyElementPresentKeyword.execute(VerifyElementPresentKeyword.groovy:68)\r\n\tat com.kms.katalon.core.keyword.internal.KeywordExecutor.executeKeywordForPlatform(KeywordExecutor.groovy:60)\r\n\tat com.kms.katalon.core.webui.keyword.WebUiBuiltInKeywords.verifyElementPresent(WebUiBuiltInKeywords.groovy:1434)\r\n\tat com.kms.katalon.core.webui.keyword.WebUiBuiltInKeywords$verifyElementPresent$4.call(Unknown Source)\r\n\tat Manage Slider - Delete.run(Manage Slider - Delete:27)\r\n\tat com.kms.katalon.core.main.ScriptEngine.run(ScriptEngine.java:194)\r\n\tat com.kms.katalon.core.main.ScriptEngine.runScriptAsRawText(ScriptEngine.java:119)\r\n\tat com.kms.katalon.core.main.TestCaseExecutor.runScript(TestCaseExecutor.java:337)\r\n\tat com.kms.katalon.core.main.TestCaseExecutor.doExecute(TestCaseExecutor.java:328)\r\n\tat com.kms.katalon.core.main.TestCaseExecutor.processExecutionPhase(TestCaseExecutor.java:307)\r\n\tat com.kms.katalon.core.main.TestCaseExecutor.accessMainPhase(TestCaseExecutor.java:299)\r\n\tat com.kms.katalon.core.main.TestCaseExecutor.execute(TestCaseExecutor.java:233)\r\n\tat com.kms.katalon.core.main.TestSuiteExecutor.accessTestCaseMainPhase(TestSuiteExecutor.java:169)\r\n\tat com.kms.katalon.core.main.TestSuiteExecutor.accessTestSuiteMainPhase(TestSuiteExecutor.java:142)\r\n\tat com.kms.katalon.core.main.TestSuiteExecutor.execute(TestSuiteExecutor.java:91)\r\n\tat com.kms.katalon.core.main.TestCaseMain.startTestSuite(TestCaseMain.java:157)\r\n\tat com.kms.katalon.core.main.TestCaseMain$startTestSuite$0.call(Unknown Source)\r\n\tat TempTestSuite1590163832980.run(TempTestSuite1590163832980.groovy:36)\r\nCaused by: com.kms.katalon.core.exception.StepFailedException: com.kms.katalon.core.webui.exception.WebElementNotFoundException: Web element with id: &amp;apos;Object Repository/Christi/Page_Manage Sliders/label_Slider&amp;apos; located by &amp;apos;By.xpath: //*[@caption.bind = &amp;apos;item.sliderName&amp;apos; and @class = &amp;apos;app-label&amp;apos; and (text() = &amp;apos;Slider Service&amp;apos; or . = &amp;apos;Slider Service&amp;apos;)]&amp;apos; not found\r\n\tat com.kms.katalon.core.webui.keyword.internal.WebUIKeywordMain.stepFailed(WebUIKeywordMain.groovy:64)\r\n\tat com.kms.katalon.core.webui.keyword.builtin.VerifyElementPresentKeyword$_verifyElementPresent_closure1.doCall(VerifyElementPresentKeyword.groovy:85)\r\n\tat com.kms.katalon.core.webui.keyword.builtin.VerifyElementPresentKeyword$_verifyElementPresent_closure1.call(VerifyElementPresentKeyword.groovy)\r\n\tat com.kms.katalon.core.webui.keyword.internal.WebUIKeywordMain.runKeyword(WebUIKeywordMain.groovy:20)\r\n\t... 19 more\r\n</message>
  <exception>
    <message>com.kms.katalon.core.exception.StepFailedException: Unable to verify object 'Object Repository/Christi/Page_Manage Sliders/label_Slider' is present</message>
    <frame>
      <class>com.kms.katalon.core.webui.keyword.internal.WebUIKeywordMain</class>
      <method>stepFailed</method>
      <line>64</line>
    </frame>
    <frame>
      <class>com.kms.katalon.core.webui.keyword.internal.WebUIKeywordMain</class>
      <method>runKeyword</method>
      <line>26</line>
    </frame>
    <frame>
      <class>com.kms.katalon.core.webui.keyword.builtin.VerifyElementPresentKeyword</class>
      <method>verifyElementPresent</method>
      <line>92</line>
    </frame>
    <frame>
      <class>com.kms.katalon.core.webui.keyword.builtin.VerifyElementPresentKeyword</class>
      <method>execute</method>
      <line>68</line>
    </frame>
    <frame>
      <class>com.kms.katalon.core.keyword.internal.KeywordExecutor</class>
      <method>executeKeywordForPlatform</method>
      <line>60</line>
    </frame>
    <frame>
      <class>com.kms.katalon.core.webui.keyword.WebUiBuiltInKeywords</class>
      <method>verifyElementPresent</method>
      <line>1434</line>
    </frame>
    <frame>
      <class>com.kms.katalon.core.webui.keyword.WebUiBuiltInKeywords$verifyElementPresent$4</class>
      <method>call</method>
    </frame>
    <frame>
      <class>Manage Slider - Delete</class>
      <method>run</method>
      <line>27</line>
    </frame>
    <frame>
      <class>com.kms.katalon.core.main.ScriptEngine</class>
      <method>run</method>
      <line>194</line>
    </frame>
    <frame>
      <class>com.kms.katalon.core.main.ScriptEngine</class>
      <method>runScriptAsRawText</method>
      <line>119</line>
    </frame>
    <frame>
      <class>com.kms.katalon.core.main.TestCaseExecutor</class>
      <method>runScript</method>
      <line>337</line>
    </frame>
    <frame>
      <class>com.kms.katalon.core.main.TestCaseExecutor</class>
      <method>doExecute</method>
      <line>328</line>
    </frame>
    <frame>
      <class>com.kms.katalon.core.main.TestCaseExecutor</class>
      <method>processExecutionPhase</method>
      <line>307</line>
    </frame>
    <frame>
      <class>com.kms.katalon.core.main.TestCaseExecutor</class>
      <method>accessMainPhase</method>
      <line>299</line>
    </frame>
    <frame>
      <class>com.kms.katalon.core.main.TestCaseExecutor</class>
      <method>execute</method>
      <line>233</line>
    </frame>
    <frame>
      <class>com.kms.katalon.core.main.TestSuiteExecutor</class>
      <method>accessTestCaseMainPhase</method>
      <line>169</line>
    </frame>
    <frame>
      <class>com.kms.katalon.core.main.TestSuiteExecutor</class>
      <method>accessTestSuiteMainPhase</method>
      <line>142</line>
    </frame>
    <frame>
      <class>com.kms.katalon.core.main.TestSuiteExecutor</class>
      <method>execute</method>
      <line>91</line>
    </frame>
    <frame>
      <class>com.kms.katalon.core.main.TestCaseMain</class>
      <method>startTestSuite</method>
      <line>157</line>
    </frame>
    <frame>
      <class>com.kms.katalon.core.main.TestCaseMain$startTestSuite$0</class>
      <method>call</method>
    </frame>
    <frame>
      <class>TempTestSuite1590163832980</class>
      <method>run</method>
      <line>36</line>
    </frame>
  </exception>
  <nestedLevel>0</nestedLevel>
  <property name="failed.exception.stacktrace">com.kms.katalon.core.exception.StepFailedException: com.kms.katalon.core.webui.exception.WebElementNotFoundException: Web element with id: &apos;Object Repository/Christi/Page_Manage Sliders/label_Slider&apos; located by &apos;By.xpath: //*[@caption.bind = &apos;item.sliderName&apos; and @class = &apos;app-label&apos; and (text() = &apos;Slider Service&apos; or . = &apos;Slider Service&apos;)]&apos; not found\r\n\tat com.kms.katalon.core.webui.keyword.internal.WebUIKeywordMain.stepFailed(WebUIKeywordMain.groovy:64)\r\n\tat com.kms.katalon.core.webui.keyword.builtin.VerifyElementPresentKeyword$_verifyElementPresent_closure1.doCall(VerifyElementPresentKeyword.groovy:85)\r\n\tat com.kms.katalon.core.webui.keyword.builtin.VerifyElementPresentKeyword$_verifyElementPresent_closure1.call(VerifyElementPresentKeyword.groovy)\r\n\tat com.kms.katalon.core.webui.keyword.internal.WebUIKeywordMain.runKeyword(WebUIKeywordMain.groovy:20)\r\n\tat com.kms.katalon.core.webui.keyword.builtin.VerifyElementPresentKeyword.verifyElementPresent(VerifyElementPresentKeyword.groovy:92)\r\n\tat com.kms.katalon.core.webui.keyword.builtin.VerifyElementPresentKeyword.execute(VerifyElementPresentKeyword.groovy:68)\r\n\tat com.kms.katalon.core.keyword.internal.KeywordExecutor.executeKeywordForPlatform(KeywordExecutor.groovy:60)\r\n\tat com.kms.katalon.core.webui.keyword.WebUiBuiltInKeywords.verifyElementPresent(WebUiBuiltInKeywords.groovy:1434)\r\n\tat com.kms.katalon.core.webui.keyword.WebUiBuiltInKeywords$verifyElementPresent$4.call(Unknown Source)\r\n\tat Manage Slider - Delete.run(Manage Slider - Delete:27)\r\n\tat com.kms.katalon.core.main.ScriptEngine.run(ScriptEngine.java:194)\r\n\tat com.kms.katalon.core.main.ScriptEngine.runScriptAsRawText(ScriptEngine.java:119)\r\n\tat com.kms.katalon.core.main.TestCaseExecutor.runScript(TestCaseExecutor.java:337)\r\n\tat com.kms.katalon.core.main.TestCaseExecutor.doExecute(TestCaseExecutor.java:328)\r\n\tat com.kms.katalon.core.main.TestCaseExecutor.processExecutionPhase(TestCaseExecutor.java:307)\r\n\tat com.kms.katalon.core.main.TestCaseExecutor.accessMainPhase(TestCaseExecutor.java:299)\r\n\tat com.kms.katalon.core.main.TestCaseExecutor.execute(TestCaseExecutor.java:233)\r\n\tat com.kms.katalon.core.main.TestSuiteExecutor.accessTestCaseMainPhase(TestSuiteExecutor.java:169)\r\n\tat com.kms.katalon.core.main.TestSuiteExecutor.accessTestSuiteMainPhase(TestSuiteExecutor.java:142)\r\n\tat com.kms.katalon.core.main.TestSuiteExecutor.execute(TestSuiteExecutor.java:91)\r\n\tat com.kms.katalon.core.main.TestCaseMain.startTestSuite(TestCaseMain.java:157)\r\n\tat com.kms.katalon.core.main.TestCaseMain$startTestSuite$0.call(Unknown Source)\r\n\tat TempTestSuite1590163832980.run(TempTestSuite1590163832980.groovy:36)\r\n</property>
  <property name="failed.exception.class">com.kms.katalon.core.exception.StepFailedException</property>
  <property name="failed.exception.message">com.kms.katalon.core.webui.exception.WebElementNotFoundException: Web element with id: &apos;Object Repository/Christi/Page_Manage Sliders/label_Slider&apos; located by &apos;By.xpath: //*[@caption.bind = &apos;item.sliderName&apos; and @class = &apos;app-label&apos; and (text() = &apos;Slider Service&apos; or . = &apos;Slider Service&apos;)]&apos; not found</property>
</record>
<record>
  <date>2020-05-22T23:12:18</date>
  <millis>1590163938407</millis>
  <sequence>142</sequence>
  <level>END</level>
  <class>com.kms.katalon.core.logging.XmlKeywordLogger</class>
  <method>endTest</method>
  <thread>1</thread>
  <message>End Test Case : Test Cases/Christi/Admin/Manage Slider - Delete</message>
  <nestedLevel>0</nestedLevel>
</record>
<record>
  <date>2020-05-22T23:12:18</date>
  <millis>1590163938475</millis>
  <sequence>143</sequence>
  <level>START</level>
  <class>com.kms.katalon.core.logging.XmlKeywordLogger</class>
  <method>startTest</method>
  <thread>1</thread>
  <message>Start Test Case : Test Cases/Christi/Admin/Manage Slider - Delete</message>
  <nestedLevel>1</nestedLevel>
  <property name="name">Test Cases/Christi/Admin/Manage Slider - Delete</property>
  <property name="description"></property>
  <property name="id">Test Cases/Christi/Admin/Manage Slider - Delete</property>
  <property name="source">C:\\Users\\ASUS\\git\\LearningManagementWeb\\Test Cases\\Christi\\Admin\\Manage Slider - Delete.tc</property>
  <property name="tag"></property>
  <property name="isOptional">false</property>
</record>
<record>
  <date>2020-05-22T23:12:18</date>
  <millis>1590163938502</millis>
  <sequence>145</sequence>
  <level>INFO</level>
  <class>com.kms.katalon.core.logging.XmlKeywordLogger</class>
  <method>logMessage</method>
  <thread>1</thread>
  <message>nama_slider = xxxxxx</message>
  <nestedLevel>1</nestedLevel>
</record>
<record>
  <date>2020-05-22T23:12:18</date>
  <millis>1590163938502</millis>
  <sequence>146</sequence>
  <level>INFO</level>
  <class>com.kms.katalon.core.logging.XmlKeywordLogger</class>
  <method>logMessage</method>
  <thread>1</thread>
  <message>expected = fail</message>
  <nestedLevel>1</nestedLevel>
</record>
<record>
  <date>2020-05-22T23:12:18</date>
  <millis>1590163938509</millis>
  <sequence>147</sequence>
  <level>START</level>
  <class>com.kms.katalon.core.logging.XmlKeywordLogger</class>
  <method>startKeyword</method>
  <thread>1</thread>
  <message>Start action : callTestCase(findTestCase(\&amp;quot;Christi/Admin/admin login\&amp;quot;), [\&amp;quot;username\&amp;quot;:\&amp;quot;11666\&amp;quot;, \&amp;quot;password\&amp;quot;:\&amp;quot;Password3\&amp;quot;], STOP_ON_FAILURE)</message>
  <nestedLevel>1</nestedLevel>
  <property name="startLine">18</property>
  <property name="stepIndex">1</property>
</record>
<record>
  <date>2020-05-22T23:12:18</date>
  <millis>1590163938627</millis>
  <sequence>150</sequence>
  <level>START</level>
  <class>com.kms.katalon.core.logging.XmlKeywordLogger</class>
  <method>startTest</method>
  <thread>1</thread>
  <message>Start Test Case : Test Cases/Christi/Admin/admin login</message>
  <nestedLevel>2</nestedLevel>
  <property name="name">Test Cases/Christi/Admin/admin login</property>
  <property name="description"></property>
  <property name="id">Test Cases/Christi/Admin/admin login</property>
  <property name="source">C:\\Users\\ASUS\\git\\LearningManagementWeb\\Test Cases\\Christi\\Admin\\admin login.tc</property>
  <property name="tag"></property>
  <property name="isOptional">false</property>
</record>
<record>
  <date>2020-05-22T23:12:18</date>
  <millis>1590163938643</millis>
  <sequence>152</sequence>
  <level>INFO</level>
  <class>com.kms.katalon.core.logging.XmlKeywordLogger</class>
  <method>logMessage</method>
  <thread>1</thread>
  <message>username = 11666</message>
  <nestedLevel>2</nestedLevel>
</record>
<record>
  <date>2020-05-22T23:12:18</date>
  <millis>1590163938643</millis>
  <sequence>153</sequence>
  <level>INFO</level>
  <class>com.kms.katalon.core.logging.XmlKeywordLogger</class>
  <method>logMessage</method>
  <thread>1</thread>
  <message>password = Password3</message>
  <nestedLevel>2</nestedLevel>
</record>
<record>
  <date>2020-05-22T23:12:18</date>
  <millis>1590163938647</millis>
  <sequence>154</sequence>
  <level>START</level>
  <class>com.kms.katalon.core.logging.XmlKeywordLogger</class>
  <method>startKeyword</method>
  <thread>1</thread>
  <message>Start action : openBrowser(\&amp;quot;\&amp;quot;)</message>
  <nestedLevel>1</nestedLevel>
  <property name="startLine">18</property>
  <property name="stepIndex">1</property>
</record>
<record>
  <date>2020-05-22T23:12:18</date>
  <millis>1590163938666</millis>
  <sequence>156</sequence>
  <level>WARNING</level>
  <class>com.kms.katalon.core.logging.XmlKeywordLogger</class>
  <method>logMessage</method>
  <thread>1</thread>
  <message>A browser is already opened. Closing browser and opening a new one</message>
  <nestedLevel>2</nestedLevel>
</record>
<record>
  <date>2020-05-22T23:12:20</date>
  <millis>1590163940004</millis>
  <sequence>157</sequence>
  <level>INFO</level>
  <class>com.kms.katalon.core.logging.XmlKeywordLogger</class>
  <method>logMessage</method>
  <thread>1</thread>
  <message>Starting &amp;apos;Chrome&amp;apos; driver</message>
  <nestedLevel>2</nestedLevel>
</record>
<record>
  <date>2020-05-22T23:12:23</date>
  <millis>1590163943068</millis>
  <sequence>160</sequence>
  <level>RUN_DATA</level>
  <class>com.kms.katalon.core.logging.XmlKeywordLogger</class>
  <method>logMessage</method>
  <thread>1</thread>
  <message>sessionId = ad7fd2cf6a9c9c40d878ceb5917f806d</message>
  <nestedLevel>2</nestedLevel>
  <property name="sessionId">ad7fd2cf6a9c9c40d878ceb5917f806d</property>
</record>
<record>
  <date>2020-05-22T23:12:23</date>
  <millis>1590163943091</millis>
  <sequence>161</sequence>
  <level>RUN_DATA</level>
  <class>com.kms.katalon.core.logging.XmlKeywordLogger</class>
  <method>logMessage</method>
  <thread>1</thread>
  <message>browser = Chrome 81.0.4044.138</message>
  <nestedLevel>2</nestedLevel>
  <property name="browser">Chrome 81.0.4044.138</property>
</record>
<record>
  <date>2020-05-22T23:12:23</date>
  <millis>1590163943091</millis>
  <sequence>162</sequence>
  <level>RUN_DATA</level>
  <class>com.kms.katalon.core.logging.XmlKeywordLogger</class>
  <method>logMessage</method>
  <thread>1</thread>
  <message>platform = Windows 10</message>
  <nestedLevel>2</nestedLevel>
  <property name="platform">Windows 10</property>
</record>
<record>
  <date>2020-05-22T23:12:23</date>
  <millis>1590163943091</millis>
  <sequence>163</sequence>
  <level>RUN_DATA</level>
  <class>com.kms.katalon.core.logging.XmlKeywordLogger</class>
  <method>logMessage</method>
  <thread>1</thread>
  <message>seleniumVersion = 3.141.59</message>
  <nestedLevel>2</nestedLevel>
  <property name="seleniumVersion">3.141.59</property>
</record>
<record>
  <date>2020-05-22T23:12:23</date>
  <millis>1590163943095</millis>
  <sequence>164</sequence>
  <level>RUN_DATA</level>
  <class>com.kms.katalon.core.logging.XmlKeywordLogger</class>
  <method>logMessage</method>
  <thread>1</thread>
  <message>proxyInformation = ProxyInformation{proxyOption=NO_PROXY, proxyServerType=HTTP, password=, proxyServerAddress=, proxyServerPort=0}</message>
  <nestedLevel>2</nestedLevel>
  <property name="proxyInformation">ProxyInformation{proxyOption=NO_PROXY, proxyServerType=HTTP, password=, proxyServerAddress=, proxyServerPort=0}</property>
</record>
<record>
  <date>2020-05-22T23:12:23</date>
  <millis>1590163943106</millis>
  <sequence>165</sequence>
  <level>PASSED</level>
  <class>com.kms.katalon.core.logging.XmlKeywordLogger</class>
  <method>logMessage</method>
  <thread>1</thread>
  <message>Browser is opened with url: &amp;apos;&amp;apos;</message>
  <nestedLevel>2</nestedLevel>
</record>
<record>
  <date>2020-05-22T23:12:23</date>
  <millis>1590163943107</millis>
  <sequence>166</sequence>
  <level>END</level>
  <class>com.kms.katalon.core.logging.XmlKeywordLogger</class>
  <method>endKeyword</method>
  <thread>1</thread>
  <message>End action : openBrowser(\&amp;quot;\&amp;quot;)</message>
  <nestedLevel>1</nestedLevel>
</record>
<record>
  <date>2020-05-22T23:12:23</date>
  <millis>1590163943108</millis>
  <sequence>167</sequence>
  <level>START</level>
  <class>com.kms.katalon.core.logging.XmlKeywordLogger</class>
  <method>startKeyword</method>
  <thread>1</thread>
  <message>Start action : maximizeWindow()</message>
  <nestedLevel>1</nestedLevel>
  <property name="startLine">20</property>
  <property name="stepIndex">2</property>
</record>
<record>
  <date>2020-05-22T23:12:24</date>
  <millis>1590163944263</millis>
  <sequence>169</sequence>
  <level>PASSED</level>
  <class>com.kms.katalon.core.logging.XmlKeywordLogger</class>
  <method>logMessage</method>
  <thread>1</thread>
  <message>Current window maximized</message>
  <nestedLevel>2</nestedLevel>
</record>
<record>
  <date>2020-05-22T23:12:24</date>
  <millis>1590163944264</millis>
  <sequence>170</sequence>
  <level>END</level>
  <class>com.kms.katalon.core.logging.XmlKeywordLogger</class>
  <method>endKeyword</method>
  <thread>1</thread>
  <message>End action : maximizeWindow()</message>
  <nestedLevel>1</nestedLevel>
</record>
<record>
  <date>2020-05-22T23:12:24</date>
  <millis>1590163944265</millis>
  <sequence>171</sequence>
  <level>START</level>
  <class>com.kms.katalon.core.logging.XmlKeywordLogger</class>
  <method>startKeyword</method>
  <thread>1</thread>
  <message>Start action : navigateToUrl(\&amp;quot;https://appsrv1.deltadatamandiri.com/ACC_LMS_WEB/#/admNLmn\&amp;quot;)</message>
  <nestedLevel>1</nestedLevel>
  <property name="startLine">22</property>
  <property name="stepIndex">3</property>
</record>
<record>
  <date>2020-05-22T23:12:35</date>
  <millis>1590163955946</millis>
  <sequence>174</sequence>
  <level>PASSED</level>
  <class>com.kms.katalon.core.logging.XmlKeywordLogger</class>
  <method>logMessage</method>
  <thread>1</thread>
  <message>Navigate to &amp;apos;https://appsrv1.deltadatamandiri.com/ACC_LMS_WEB/#/admNLmn&amp;apos; successfully</message>
  <nestedLevel>2</nestedLevel>
</record>
<record>
  <date>2020-05-22T23:12:35</date>
  <millis>1590163955947</millis>
  <sequence>175</sequence>
  <level>END</level>
  <class>com.kms.katalon.core.logging.XmlKeywordLogger</class>
  <method>endKeyword</method>
  <thread>1</thread>
  <message>End action : navigateToUrl(\&amp;quot;https://appsrv1.deltadatamandiri.com/ACC_LMS_WEB/#/admNLmn\&amp;quot;)</message>
  <nestedLevel>1</nestedLevel>
</record>
<record>
  <date>2020-05-22T23:12:35</date>
  <millis>1590163955947</millis>
  <sequence>176</sequence>
  <level>START</level>
  <class>com.kms.katalon.core.logging.XmlKeywordLogger</class>
  <method>startKeyword</method>
  <thread>1</thread>
  <message>Start action : click(findTestObject(\&amp;quot;Christi/Page_Main/button_login\&amp;quot;))</message>
  <nestedLevel>1</nestedLevel>
  <property name="startLine">24</property>
  <property name="stepIndex">4</property>
</record>
<record>
  <date>2020-05-22T23:12:39</date>
  <millis>1590163959807</millis>
  <sequence>185</sequence>
  <level>ERROR</level>
  <class>com.kms.katalon.core.logging.XmlKeywordLogger</class>
  <method>logMessage</method>
  <thread>1</thread>
  <message>javascript error: Failed to execute &amp;apos;elementsFromPoint&amp;apos; on &amp;apos;Document&amp;apos;: The provided double value is non-finite.\n  (Session info: chrome=81.0.4044.138)\nBuild info: version: &amp;apos;3.141.59&amp;apos;, revision: &amp;apos;e82be7d358&amp;apos;, time: &amp;apos;2018-11-14T08:25:53&amp;apos;\nSystem info: host: &amp;apos;LAPTOP-D0TPACJ1&amp;apos;, ip: &amp;apos;192.168.100.227&amp;apos;, os.name: &amp;apos;Windows 10&amp;apos;, os.arch: &amp;apos;amd64&amp;apos;, os.version: &amp;apos;10.0&amp;apos;, java.version: &amp;apos;1.8.0_181&amp;apos;\nDriver info: com.kms.katalon.selenium.driver.CChromeDriver\nCapabilities {acceptInsecureCerts: false, browserName: chrome, browserVersion: 81.0.4044.138, chrome: {chromedriverVersion: 80.0.3987.106 (f68069574609..., userDataDir: C:\\Users\\ASUS\\AppData\\Local...}, goog:chromeOptions: {debuggerAddress: localhost:59821}, javascriptEnabled: true, networkConnectionEnabled: false, pageLoadStrategy: normal, platform: WINDOWS, platformName: WINDOWS, proxy: Proxy(), setWindowRect: true, strictFileInteractability: false, timeouts: {implicit: 0, pageLoad: 300000, script: 30000}, unhandledPromptBehavior: dismiss and notify}\nSession ID: ad7fd2cf6a9c9c40d878ceb5917f806d</message>
  <nestedLevel>2</nestedLevel>
</record>
<record>
  <date>2020-05-22T23:12:40</date>
  <millis>1590163960596</millis>
  <sequence>186</sequence>
  <level>PASSED</level>
  <class>com.kms.katalon.core.logging.XmlKeywordLogger</class>
  <method>logMessage</method>
  <thread>1</thread>
  <message>Object: &amp;apos;Object Repository/Christi/Page_Main/button_login&amp;apos; is clicked on</message>
  <nestedLevel>2</nestedLevel>
</record>
<record>
  <date>2020-05-22T23:12:40</date>
  <millis>1590163960596</millis>
  <sequence>187</sequence>
  <level>END</level>
  <class>com.kms.katalon.core.logging.XmlKeywordLogger</class>
  <method>endKeyword</method>
  <thread>1</thread>
  <message>End action : click(findTestObject(\&amp;quot;Christi/Page_Main/button_login\&amp;quot;))</message>
  <nestedLevel>1</nestedLevel>
</record>
<record>
  <date>2020-05-22T23:12:40</date>
  <millis>1590163960597</millis>
  <sequence>188</sequence>
  <level>START</level>
  <class>com.kms.katalon.core.logging.XmlKeywordLogger</class>
  <method>startKeyword</method>
  <thread>1</thread>
  <message>Start action : delay(3)</message>
  <nestedLevel>1</nestedLevel>
  <property name="startLine">26</property>
  <property name="stepIndex">5</property>
</record>
<record>
  <date>2020-05-22T23:12:43</date>
  <millis>1590163963603</millis>
  <sequence>190</sequence>
  <level>PASSED</level>
  <class>com.kms.katalon.core.logging.XmlKeywordLogger</class>
  <method>logMessage</method>
  <thread>1</thread>
  <message>Delayed 3 second(s)</message>
  <nestedLevel>2</nestedLevel>
</record>
<record>
  <date>2020-05-22T23:12:43</date>
  <millis>1590163963604</millis>
  <sequence>191</sequence>
  <level>END</level>
  <class>com.kms.katalon.core.logging.XmlKeywordLogger</class>
  <method>endKeyword</method>
  <thread>1</thread>
  <message>End action : delay(3)</message>
  <nestedLevel>1</nestedLevel>
</record>
<record>
  <date>2020-05-22T23:12:43</date>
  <millis>1590163963604</millis>
  <sequence>192</sequence>
  <level>START</level>
  <class>com.kms.katalon.core.logging.XmlKeywordLogger</class>
  <method>startKeyword</method>
  <thread>1</thread>
  <message>Start action : setText(findTestObject(\&amp;quot;Object Repository/Christi/Page_Main/input_NPK_username\&amp;quot;), username)</message>
  <nestedLevel>1</nestedLevel>
  <property name="startLine">28</property>
  <property name="stepIndex">6</property>
</record>
<record>
  <date>2020-05-22T23:12:44</date>
  <millis>1590163964214</millis>
  <sequence>202</sequence>
  <level>PASSED</level>
  <class>com.kms.katalon.core.logging.XmlKeywordLogger</class>
  <method>logMessage</method>
  <thread>1</thread>
  <message>Text &amp;apos;11666&amp;apos; is set on object &amp;apos;Object Repository/Christi/Page_Main/input_NPK_username&amp;apos;</message>
  <nestedLevel>2</nestedLevel>
</record>
<record>
  <date>2020-05-22T23:12:44</date>
  <millis>1590163964214</millis>
  <sequence>203</sequence>
  <level>END</level>
  <class>com.kms.katalon.core.logging.XmlKeywordLogger</class>
  <method>endKeyword</method>
  <thread>1</thread>
  <message>End action : setText(findTestObject(\&amp;quot;Object Repository/Christi/Page_Main/input_NPK_username\&amp;quot;), username)</message>
  <nestedLevel>1</nestedLevel>
</record>
<record>
  <date>2020-05-22T23:12:44</date>
  <millis>1590163964214</millis>
  <sequence>204</sequence>
  <level>START</level>
  <class>com.kms.katalon.core.logging.XmlKeywordLogger</class>
  <method>startKeyword</method>
  <thread>1</thread>
  <message>Start action : setText(findTestObject(\&amp;quot;Object Repository/Christi/Page_Main/input_Password_password\&amp;quot;), password)</message>
  <nestedLevel>1</nestedLevel>
  <property name="startLine">30</property>
  <property name="stepIndex">7</property>
</record>
<record>
  <date>2020-05-22T23:12:44</date>
  <millis>1590163964802</millis>
  <sequence>214</sequence>
  <level>PASSED</level>
  <class>com.kms.katalon.core.logging.XmlKeywordLogger</class>
  <method>logMessage</method>
  <thread>1</thread>
  <message>Text &amp;apos;Password3&amp;apos; is set on object &amp;apos;Object Repository/Christi/Page_Main/input_Password_password&amp;apos;</message>
  <nestedLevel>2</nestedLevel>
</record>
<record>
  <date>2020-05-22T23:12:44</date>
  <millis>1590163964804</millis>
  <sequence>215</sequence>
  <level>END</level>
  <class>com.kms.katalon.core.logging.XmlKeywordLogger</class>
  <method>endKeyword</method>
  <thread>1</thread>
  <message>End action : setText(findTestObject(\&amp;quot;Object Repository/Christi/Page_Main/input_Password_password\&amp;quot;), password)</message>
  <nestedLevel>1</nestedLevel>
</record>
<record>
  <date>2020-05-22T23:12:44</date>
  <millis>1590163964804</millis>
  <sequence>216</sequence>
  <level>START</level>
  <class>com.kms.katalon.core.logging.XmlKeywordLogger</class>
  <method>startKeyword</method>
  <thread>1</thread>
  <message>Start action : delay(5)</message>
  <nestedLevel>1</nestedLevel>
  <property name="startLine">32</property>
  <property name="stepIndex">8</property>
</record>
<record>
  <date>2020-05-22T23:12:49</date>
  <millis>1590163969809</millis>
  <sequence>218</sequence>
  <level>PASSED</level>
  <class>com.kms.katalon.core.logging.XmlKeywordLogger</class>
  <method>logMessage</method>
  <thread>1</thread>
  <message>Delayed 5 second(s)</message>
  <nestedLevel>2</nestedLevel>
</record>
<record>
  <date>2020-05-22T23:12:49</date>
  <millis>1590163969810</millis>
  <sequence>219</sequence>
  <level>END</level>
  <class>com.kms.katalon.core.logging.XmlKeywordLogger</class>
  <method>endKeyword</method>
  <thread>1</thread>
  <message>End action : delay(5)</message>
  <nestedLevel>1</nestedLevel>
</record>
<record>
  <date>2020-05-22T23:12:49</date>
  <millis>1590163969810</millis>
  <sequence>220</sequence>
  <level>START</level>
  <class>com.kms.katalon.core.logging.XmlKeywordLogger</class>
  <method>startKeyword</method>
  <thread>1</thread>
  <message>Start action : click(findTestObject(\&amp;quot;Rizka/Admin - Login/btnLogin2\&amp;quot;))</message>
  <nestedLevel>1</nestedLevel>
  <property name="startLine">34</property>
  <property name="stepIndex">9</property>
</record>
<record>
  <date>2020-05-22T23:12:50</date>
  <millis>1590163970350</millis>
  <sequence>229</sequence>
  <level>PASSED</level>
  <class>com.kms.katalon.core.logging.XmlKeywordLogger</class>
  <method>logMessage</method>
  <thread>1</thread>
  <message>Object: &amp;apos;Object Repository/Rizka/Admin - Login/btnLogin2&amp;apos; is clicked on</message>
  <nestedLevel>2</nestedLevel>
</record>
<record>
  <date>2020-05-22T23:12:50</date>
  <millis>1590163970351</millis>
  <sequence>230</sequence>
  <level>END</level>
  <class>com.kms.katalon.core.logging.XmlKeywordLogger</class>
  <method>endKeyword</method>
  <thread>1</thread>
  <message>End action : click(findTestObject(\&amp;quot;Rizka/Admin - Login/btnLogin2\&amp;quot;))</message>
  <nestedLevel>1</nestedLevel>
</record>
<record>
  <date>2020-05-22T23:12:50</date>
  <millis>1590163970351</millis>
  <sequence>231</sequence>
  <level>START</level>
  <class>com.kms.katalon.core.logging.XmlKeywordLogger</class>
  <method>startKeyword</method>
  <thread>1</thread>
  <message>Start action : delay(5)</message>
  <nestedLevel>1</nestedLevel>
  <property name="startLine">36</property>
  <property name="stepIndex">10</property>
</record>
<record>
  <date>2020-05-22T23:12:55</date>
  <millis>1590163975356</millis>
  <sequence>233</sequence>
  <level>PASSED</level>
  <class>com.kms.katalon.core.logging.XmlKeywordLogger</class>
  <method>logMessage</method>
  <thread>1</thread>
  <message>Delayed 5 second(s)</message>
  <nestedLevel>2</nestedLevel>
</record>
<record>
  <date>2020-05-22T23:12:55</date>
  <millis>1590163975356</millis>
  <sequence>234</sequence>
  <level>END</level>
  <class>com.kms.katalon.core.logging.XmlKeywordLogger</class>
  <method>endKeyword</method>
  <thread>1</thread>
  <message>End action : delay(5)</message>
  <nestedLevel>1</nestedLevel>
</record>
<record>
  <date>2020-05-22T23:12:55</date>
  <millis>1590163975357</millis>
  <sequence>235</sequence>
  <level>PASSED</level>
  <class>com.kms.katalon.core.logging.XmlKeywordLogger</class>
  <method>logMessage</method>
  <thread>1</thread>
  <message>Test Cases/Christi/Admin/admin login</message>
  <nestedLevel>2</nestedLevel>
</record>
<record>
  <date>2020-05-22T23:12:55</date>
  <millis>1590163975357</millis>
  <sequence>236</sequence>
  <level>END</level>
  <class>com.kms.katalon.core.logging.XmlKeywordLogger</class>
  <method>endTest</method>
  <thread>1</thread>
  <message>End Test Case : Test Cases/Christi/Admin/admin login</message>
  <nestedLevel>1</nestedLevel>
</record>
<record>
  <date>2020-05-22T23:12:55</date>
  <millis>1590163975358</millis>
  <sequence>237</sequence>
  <level>PASSED</level>
  <class>com.kms.katalon.core.logging.XmlKeywordLogger</class>
  <method>logMessage</method>
  <thread>1</thread>
  <message>Call Test Case &amp;apos;Test Cases/Christi/Admin/admin login&amp;apos; successfully</message>
  <nestedLevel>1</nestedLevel>
</record>
<record>
  <date>2020-05-22T23:12:55</date>
  <millis>1590163975359</millis>
  <sequence>238</sequence>
  <level>END</level>
  <class>com.kms.katalon.core.logging.XmlKeywordLogger</class>
  <method>endKeyword</method>
  <thread>1</thread>
  <message>End action : callTestCase(findTestCase(\&amp;quot;Christi/Admin/admin login\&amp;quot;), [\&amp;quot;username\&amp;quot;:\&amp;quot;11666\&amp;quot;, \&amp;quot;password\&amp;quot;:\&amp;quot;Password3\&amp;quot;], STOP_ON_FAILURE)</message>
  <nestedLevel>1</nestedLevel>
</record>
<record>
  <date>2020-05-22T23:12:55</date>
  <millis>1590163975360</millis>
  <sequence>239</sequence>
  <level>START</level>
  <class>com.kms.katalon.core.logging.XmlKeywordLogger</class>
  <method>startKeyword</method>
  <thread>1</thread>
  <message>Start action : delay(3)</message>
  <nestedLevel>1</nestedLevel>
  <property name="startLine">20</property>
  <property name="stepIndex">2</property>
</record>
<record>
  <date>2020-05-22T23:12:58</date>
  <millis>1590163978364</millis>
  <sequence>241</sequence>
  <level>PASSED</level>
  <class>com.kms.katalon.core.logging.XmlKeywordLogger</class>
  <method>logMessage</method>
  <thread>1</thread>
  <message>Delayed 3 second(s)</message>
  <nestedLevel>1</nestedLevel>
</record>
<record>
  <date>2020-05-22T23:12:58</date>
  <millis>1590163978366</millis>
  <sequence>242</sequence>
  <level>END</level>
  <class>com.kms.katalon.core.logging.XmlKeywordLogger</class>
  <method>endKeyword</method>
  <thread>1</thread>
  <message>End action : delay(3)</message>
  <nestedLevel>1</nestedLevel>
</record>
<record>
  <date>2020-05-22T23:12:58</date>
  <millis>1590163978366</millis>
  <sequence>243</sequence>
  <level>START</level>
  <class>com.kms.katalon.core.logging.XmlKeywordLogger</class>
  <method>startKeyword</method>
  <thread>1</thread>
  <message>Start action : click(findTestObject(\&amp;quot;Object Repository/Christi/Page_Dashboard Admin/span_Manage Slider\&amp;quot;))</message>
  <nestedLevel>1</nestedLevel>
  <property name="startLine">22</property>
  <property name="stepIndex">3</property>
</record>
<record>
  <date>2020-05-22T23:13:05</date>
  <millis>1590163985129</millis>
  <sequence>252</sequence>
  <level>PASSED</level>
  <class>com.kms.katalon.core.logging.XmlKeywordLogger</class>
  <method>logMessage</method>
  <thread>1</thread>
  <message>Object: &amp;apos;Object Repository/Christi/Page_Dashboard Admin/span_Manage Slider&amp;apos; is clicked on</message>
  <nestedLevel>1</nestedLevel>
</record>
<record>
  <date>2020-05-22T23:13:05</date>
  <millis>1590163985130</millis>
  <sequence>253</sequence>
  <level>END</level>
  <class>com.kms.katalon.core.logging.XmlKeywordLogger</class>
  <method>endKeyword</method>
  <thread>1</thread>
  <message>End action : click(findTestObject(\&amp;quot;Object Repository/Christi/Page_Dashboard Admin/span_Manage Slider\&amp;quot;))</message>
  <nestedLevel>1</nestedLevel>
</record>
<record>
  <date>2020-05-22T23:13:05</date>
  <millis>1590163985131</millis>
  <sequence>254</sequence>
  <level>START</level>
  <class>com.kms.katalon.core.logging.XmlKeywordLogger</class>
  <method>startKeyword</method>
  <thread>1</thread>
  <message>Start action : delay(3)</message>
  <nestedLevel>1</nestedLevel>
  <property name="startLine">24</property>
  <property name="stepIndex">4</property>
</record>
<record>
  <date>2020-05-22T23:13:08</date>
  <millis>1590163988136</millis>
  <sequence>256</sequence>
  <level>PASSED</level>
  <class>com.kms.katalon.core.logging.XmlKeywordLogger</class>
  <method>logMessage</method>
  <thread>1</thread>
  <message>Delayed 3 second(s)</message>
  <nestedLevel>1</nestedLevel>
</record>
<record>
  <date>2020-05-22T23:13:08</date>
  <millis>1590163988137</millis>
  <sequence>257</sequence>
  <level>END</level>
  <class>com.kms.katalon.core.logging.XmlKeywordLogger</class>
  <method>endKeyword</method>
  <thread>1</thread>
  <message>End action : delay(3)</message>
  <nestedLevel>1</nestedLevel>
</record>
<record>
  <date>2020-05-22T23:13:08</date>
  <millis>1590163988138</millis>
  <sequence>258</sequence>
  <level>START</level>
  <class>com.kms.katalon.core.logging.XmlKeywordLogger</class>
  <method>startKeyword</method>
  <thread>1</thread>
  <message>Start action : if (expected == \&amp;quot;pass\&amp;quot;)</message>
  <nestedLevel>1</nestedLevel>
  <property name="startLine">26</property>
  <property name="stepIndex">5</property>
</record>
<record>
  <date>2020-05-22T23:13:08</date>
  <millis>1590163988139</millis>
  <sequence>259</sequence>
  <level>END</level>
  <class>com.kms.katalon.core.logging.XmlKeywordLogger</class>
  <method>endKeyword</method>
  <thread>1</thread>
  <message>End action : if (expected == \&amp;quot;pass\&amp;quot;)</message>
  <nestedLevel>1</nestedLevel>
</record>
<record>
  <date>2020-05-22T23:13:08</date>
  <millis>1590163988139</millis>
  <sequence>260</sequence>
  <level>START</level>
  <class>com.kms.katalon.core.logging.XmlKeywordLogger</class>
  <method>startKeyword</method>
  <thread>1</thread>
  <message>Start action : else if (expected == \&amp;quot;fail\&amp;quot;)</message>
  <nestedLevel>1</nestedLevel>
  <property name="startLine">36</property>
  <property name="stepIndex">6</property>
</record>
<record>
  <date>2020-05-22T23:13:08</date>
  <millis>1590163988140</millis>
  <sequence>261</sequence>
  <level>START</level>
  <class>com.kms.katalon.core.logging.XmlKeywordLogger</class>
  <method>startKeyword</method>
  <thread>1</thread>
  <message>Start action : verifyElementNotPresent(findTestObject(\&amp;quot;Christi/Page_Manage Sliders/label_Slider\&amp;quot;, [\&amp;quot;text\&amp;quot;:nama_slider]), 0)</message>
  <nestedLevel>2</nestedLevel>
  <property name="startLine">37</property>
  <property name="stepIndex">1</property>
</record>
<record>
  <date>2020-05-22T23:13:08</date>
  <millis>1590163988503</millis>
  <sequence>265</sequence>
  <level>WARNING</level>
  <class>com.kms.katalon.core.logging.XmlKeywordLogger</class>
  <method>logMessage</method>
  <thread>1</thread>
  <message>Timeout &amp;apos;0&amp;apos; is invalid. Using default page load timeout: &amp;apos;30&amp;apos;</message>
  <nestedLevel>1</nestedLevel>
</record>
<record>
  <date>2020-05-22T23:13:14</date>
  <millis>1590163994773</millis>
  <sequence>267</sequence>
  <level>PASSED</level>
  <class>com.kms.katalon.core.logging.XmlKeywordLogger</class>
  <method>logMessage</method>
  <thread>1</thread>
  <message>Web element with id: &amp;apos;Object Repository/Christi/Page_Manage Sliders/label_Slider&amp;apos; located by &amp;apos;By.xpath: //*[@caption.bind = &amp;apos;item.sliderName&amp;apos; and @class = &amp;apos;app-label&amp;apos; and (text() = &amp;apos;xxxxxx&amp;apos; or . = &amp;apos;xxxxxx&amp;apos;)]&amp;apos; is not present after &amp;apos;30&amp;apos; second(s)</message>
  <nestedLevel>1</nestedLevel>
</record>
<record>
  <date>2020-05-22T23:13:14</date>
  <millis>1590163994774</millis>
  <sequence>268</sequence>
  <level>END</level>
  <class>com.kms.katalon.core.logging.XmlKeywordLogger</class>
  <method>endKeyword</method>
  <thread>1</thread>
  <message>End action : verifyElementNotPresent(findTestObject(\&amp;quot;Christi/Page_Manage Sliders/label_Slider\&amp;quot;, [\&amp;quot;text\&amp;quot;:nama_slider]), 0)</message>
  <nestedLevel>2</nestedLevel>
</record>
<record>
  <date>2020-05-22T23:13:14</date>
  <millis>1590163994775</millis>
  <sequence>269</sequence>
  <level>END</level>
  <class>com.kms.katalon.core.logging.XmlKeywordLogger</class>
  <method>endKeyword</method>
  <thread>1</thread>
  <message>End action : else if (expected == \&amp;quot;fail\&amp;quot;)</message>
  <nestedLevel>1</nestedLevel>
</record>
<record>
  <date>2020-05-22T23:13:14</date>
  <millis>1590163994775</millis>
  <sequence>270</sequence>
  <level>START</level>
  <class>com.kms.katalon.core.logging.XmlKeywordLogger</class>
  <method>startKeyword</method>
  <thread>1</thread>
  <message>Start action : delay(3)</message>
  <nestedLevel>1</nestedLevel>
  <property name="startLine">41</property>
  <property name="stepIndex">7</property>
</record>
<record>
  <date>2020-05-22T23:13:17</date>
  <millis>1590163997780</millis>
  <sequence>272</sequence>
  <level>PASSED</level>
  <class>com.kms.katalon.core.logging.XmlKeywordLogger</class>
  <method>logMessage</method>
  <thread>1</thread>
  <message>Delayed 3 second(s)</message>
  <nestedLevel>1</nestedLevel>
</record>
<record>
  <date>2020-05-22T23:13:17</date>
  <millis>1590163997781</millis>
  <sequence>273</sequence>
  <level>END</level>
  <class>com.kms.katalon.core.logging.XmlKeywordLogger</class>
  <method>endKeyword</method>
  <thread>1</thread>
  <message>End action : delay(3)</message>
  <nestedLevel>1</nestedLevel>
</record>
<record>
  <date>2020-05-22T23:13:17</date>
  <millis>1590163997781</millis>
  <sequence>274</sequence>
  <level>START</level>
  <class>com.kms.katalon.core.logging.XmlKeywordLogger</class>
  <method>startKeyword</method>
  <thread>1</thread>
  <message>Start action : closeBrowser(STOP_ON_FAILURE)</message>
  <nestedLevel>1</nestedLevel>
  <property name="startLine">43</property>
  <property name="stepIndex">8</property>
</record>
<record>
  <date>2020-05-22T23:13:18</date>
  <millis>1590163998705</millis>
  <sequence>276</sequence>
  <level>PASSED</level>
  <class>com.kms.katalon.core.logging.XmlKeywordLogger</class>
  <method>logMessage</method>
  <thread>1</thread>
  <message>Browser is closed</message>
  <nestedLevel>1</nestedLevel>
</record>
<record>
  <date>2020-05-22T23:13:18</date>
  <millis>1590163998705</millis>
  <sequence>277</sequence>
  <level>END</level>
  <class>com.kms.katalon.core.logging.XmlKeywordLogger</class>
  <method>endKeyword</method>
  <thread>1</thread>
  <message>End action : closeBrowser(STOP_ON_FAILURE)</message>
  <nestedLevel>1</nestedLevel>
</record>
<record>
  <date>2020-05-22T23:13:18</date>
  <millis>1590163998706</millis>
  <sequence>278</sequence>
  <level>PASSED</level>
  <class>com.kms.katalon.core.logging.XmlKeywordLogger</class>
  <method>logMessage</method>
  <thread>1</thread>
  <message>Test Cases/Christi/Admin/Manage Slider - Delete</message>
  <nestedLevel>1</nestedLevel>
</record>
<record>
  <date>2020-05-22T23:13:18</date>
  <millis>1590163998708</millis>
  <sequence>279</sequence>
  <level>END</level>
  <class>com.kms.katalon.core.logging.XmlKeywordLogger</class>
  <method>endTest</method>
  <thread>1</thread>
  <message>End Test Case : Test Cases/Christi/Admin/Manage Slider - Delete</message>
  <nestedLevel>0</nestedLevel>
</record>
<record>
  <date>2020-05-22T23:13:18</date>
  <millis>1590163998864</millis>
  <sequence>280</sequence>
  <level>END</level>
  <class>com.kms.katalon.core.logging.XmlKeywordLogger</class>
  <method>endSuite</method>
  <thread>1</thread>
  <message>End Test Suite : Test Suites/Christi/Manage Slider</message>
  <nestedLevel>0</nestedLevel>
</record>
</log>
